02:03:39.390 [Worker-42] INFO  o.a.AndroidAnnotationProcessor:85 - Initialize AndroidAnnotations 3.0.1 with options {phase=BUILD}
02:03:39.593 [Worker-42] INFO  o.a.AndroidAnnotationProcessor:85 - Initialize AndroidAnnotations 3.0.1 with options {phase=BUILD}
02:03:52.969 [Worker-46] INFO  o.a.AndroidAnnotationProcessor:85 - Initialize AndroidAnnotations 3.0.1 with options {phase=BUILD}
02:04:55.144 [Worker-45] INFO  o.a.AndroidAnnotationProcessor:85 - Initialize AndroidAnnotations 3.0.1 with options {phase=BUILD}
02:05:05.285 [Worker-35] INFO  o.a.AndroidAnnotationProcessor:85 - Initialize AndroidAnnotations 3.0.1 with options {phase=BUILD}
02:09:09.54 [Worker-53] INFO  o.a.AndroidAnnotationProcessor:85 - Initialize AndroidAnnotations 3.0.1 with options {phase=BUILD}
02:09:09.85 [Worker-53] INFO  o.a.AndroidAnnotationProcessor:109 - Start processing for 2 annotations on 1 elements
02:09:09.132 [Worker-53] DEBUG o.a.h.AndroidManifestFinder:137 - AndroidManifest.xml file found in parent folder C:\Users\Jaewook\workspace-adt\Estimote_Home: C:\Users\Jaewook\workspace-adt\Estimote_Home\AndroidManifest.xml
02:09:09.148 [Worker-53] INFO  o.a.AndroidAnnotationProcessor:172 - AndroidManifest.xml found: AndroidManifest [applicationPackage=kr.kau.kjw.estimote_home, componentQualifiedNames=[kr.kau.kjw.estimote_home.EstimoteActivity_, com.estimote.sdk.service.BeaconService], permissionQualifiedNames=[android.permission.BLUETOOTH, android.permission.BLUETOOTH_ADMIN], applicationClassName=null, libraryProject=false, debugabble=false, minSdkVersion=18, maxSdkVersion=-1, targetSdkVersion=18]
02:09:09.148 [Worker-53] INFO  o.a.r.ProjectRClassFinder:50 - Found project R class: kr.kau.kjw.estimote_home.R
02:09:09.148 [Worker-53] INFO  o.a.r.AndroidRClassFinder:44 - Found Android class: android.R
02:09:09.195 [Worker-53] INFO  o.a.p.ModelValidator:42 - Validating elements
02:09:09.195 [Worker-53] DEBUG o.a.p.ModelValidator:62 - Validating with EActivityHandler: [kr.kau.kjw.estimote_home.EstimoteActivity]
02:09:09.242 [Worker-53] DEBUG o.a.p.ModelValidator:62 - Validating with AfterViewsHandler: [void init() ]
02:09:09.257 [Worker-53] INFO  o.a.p.ModelProcessor:73 - Processing root elements
02:09:09.257 [Worker-53] DEBUG o.a.p.ModelProcessor:80 - Processing root elements EActivityHandler: [kr.kau.kjw.estimote_home.EstimoteActivity]
02:09:09.304 [Worker-53] INFO  o.a.p.ModelProcessor:104 - Processing enclosed elements
02:09:09.304 [Worker-53] INFO  o.a.AndroidAnnotationProcessor:251 - Number of files generated by AndroidAnnotations: 1
02:09:09.320 [Worker-53] INFO  o.a.g.ApiCodeGenerator:52 - Writting following API classes in project: []
02:09:09.335 [Worker-53] DEBUG o.a.g.SourceCodewriter:55 - Generating class: kr.kau.kjw.estimote_home.EstimoteActivity_
02:09:09.413 [Worker-53] INFO  o.a.p.TimeStats:81 - Time measurements: [Whole Processing = 343 ms], [Generate Sources = 109 ms], [Process Annotations = 62 ms], [Extract Annotations = 47 ms], [Validate Annotations = 47 ms], [Find R Classes = 31 ms], [Extract Manifest = 16 ms], 
02:09:09.413 [Worker-53] INFO  o.a.AndroidAnnotationProcessor:123 - Finish processing
14:44:56.564 [Worker-8] INFO  o.a.AndroidAnnotationProcessor:85 - Initialize AndroidAnnotations 3.0.1 with options {phase=BUILD}
14:44:56.616 [Worker-8] INFO  o.a.AndroidAnnotationProcessor:109 - Start processing for 2 annotations on 4 elements
14:44:56.631 [Worker-8] DEBUG o.a.h.AndroidManifestFinder:137 - AndroidManifest.xml file found in parent folder C:\Users\kjw\workspace-adt\kjw\Etc\Estimote_Home: C:\Users\kjw\workspace-adt\kjw\Etc\Estimote_Home\AndroidManifest.xml
14:44:56.634 [Worker-8] INFO  o.a.AndroidAnnotationProcessor:172 - AndroidManifest.xml found: AndroidManifest [applicationPackage=kr.kau.kjw.estimote_home, componentQualifiedNames=[kr.kau.kjw.estimote_home.EstimoteActivity_, com.estimote.sdk.service.BeaconService], permissionQualifiedNames=[android.permission.BLUETOOTH, android.permission.BLUETOOTH_ADMIN], applicationClassName=null, libraryProject=false, debugabble=false, minSdkVersion=18, maxSdkVersion=-1, targetSdkVersion=18]
14:44:56.635 [Worker-8] INFO  o.a.r.ProjectRClassFinder:50 - Found project R class: kr.kau.kjw.estimote_home.R
14:44:56.637 [Worker-8] INFO  o.a.r.AndroidRClassFinder:44 - Found Android class: android.R
14:44:56.651 [Worker-8] INFO  o.a.p.ModelValidator:42 - Validating elements
14:44:56.651 [Worker-8] DEBUG o.a.p.ModelValidator:62 - Validating with EActivityHandler: [kr.kau.kjw.estimote_home.EstimoteActivity]
14:44:56.654 [Worker-8] DEBUG o.a.p.ModelValidator:62 - Validating with AfterViewsHandler: [void init() ]
14:44:56.665 [Worker-8] INFO  o.a.p.ModelProcessor:73 - Processing root elements
14:44:56.665 [Worker-8] DEBUG o.a.p.ModelProcessor:80 - Processing root elements EActivityHandler: [kr.kau.kjw.estimote_home.EstimoteActivity]
14:44:56.686 [Worker-8] INFO  o.a.p.ModelProcessor:104 - Processing enclosed elements
14:44:56.687 [Worker-8] DEBUG o.a.p.ModelProcessor:116 - Processing enclosed elements with AfterViewsHandler: [org.androidannotations.model.AnnotationElements$AnnotatedAndRootElements@1104cdcd]
14:44:56.688 [Worker-8] INFO  o.a.AndroidAnnotationProcessor:251 - Number of files generated by AndroidAnnotations: 1
14:44:56.691 [Worker-8] INFO  o.a.g.ApiCodeGenerator:52 - Writting following API classes in project: []
14:44:56.692 [Worker-8] DEBUG o.a.g.SourceCodewriter:55 - Generating class: kr.kau.kjw.estimote_home.EstimoteActivity_
14:44:56.724 [Worker-8] INFO  o.a.p.TimeStats:81 - Time measurements: [Whole Processing = 107 ms], [Generate Sources = 35 ms], [Process Annotations = 32 ms], [Extract Annotations = 14 ms], [Find R Classes = 10 ms], [Validate Annotations = 6 ms], [Extract Manifest = 4 ms], 
14:44:56.724 [Worker-8] INFO  o.a.AndroidAnnotationProcessor:123 - Finish processing
14:44:57.362 [Worker-8] INFO  o.a.AndroidAnnotationProcessor:85 - Initialize AndroidAnnotations 3.0.1 with options {phase=BUILD}
15:11:57.908 [Worker-20] INFO  o.a.AndroidAnnotationProcessor:85 - Initialize AndroidAnnotations 3.0.1 with options {phase=BUILD}
15:11:57.920 [Worker-20] INFO  o.a.AndroidAnnotationProcessor:109 - Start processing for 3 annotations on 1 elements
15:11:57.927 [Worker-20] DEBUG o.a.h.AndroidManifestFinder:137 - AndroidManifest.xml file found in parent folder C:\Users\kjw\workspace-adt\kjw\Etc\Estimote_Home: C:\Users\kjw\workspace-adt\kjw\Etc\Estimote_Home\AndroidManifest.xml
15:11:57.933 [Worker-20] INFO  o.a.AndroidAnnotationProcessor:172 - AndroidManifest.xml found: AndroidManifest [applicationPackage=kr.kau.kjw.estimote_home, componentQualifiedNames=[kr.kau.kjw.estimote_home.EstimoteActivity_, com.estimote.sdk.service.BeaconService], permissionQualifiedNames=[android.permission.BLUETOOTH, android.permission.BLUETOOTH_ADMIN], applicationClassName=null, libraryProject=false, debugabble=false, minSdkVersion=18, maxSdkVersion=-1, targetSdkVersion=18]
15:11:57.933 [Worker-20] INFO  o.a.r.ProjectRClassFinder:50 - Found project R class: kr.kau.kjw.estimote_home.R
15:11:57.934 [Worker-20] INFO  o.a.r.AndroidRClassFinder:44 - Found Android class: android.R
15:11:57.939 [Worker-20] INFO  o.a.p.ModelValidator:42 - Validating elements
15:11:57.940 [Worker-20] DEBUG o.a.p.ModelValidator:62 - Validating with EActivityHandler: [kr.kau.kjw.estimote_home.EstimoteActivity]
15:11:57.940 [Worker-20] DEBUG o.a.p.ModelValidator:62 - Validating with AfterInjectHandler: [void afterInject() ]
15:11:57.941 [Worker-20] DEBUG o.a.p.ModelValidator:62 - Validating with AfterViewsHandler: [void afterViews() ]
15:11:57.942 [Worker-20] INFO  o.a.p.ModelProcessor:73 - Processing root elements
15:11:57.942 [Worker-20] DEBUG o.a.p.ModelProcessor:80 - Processing root elements EActivityHandler: [kr.kau.kjw.estimote_home.EstimoteActivity]
15:11:57.944 [Worker-20] INFO  o.a.p.ModelProcessor:104 - Processing enclosed elements
15:11:57.944 [Worker-20] INFO  o.a.AndroidAnnotationProcessor:251 - Number of files generated by AndroidAnnotations: 1
15:11:57.945 [Worker-20] INFO  o.a.g.ApiCodeGenerator:52 - Writting following API classes in project: []
15:11:57.945 [Worker-20] DEBUG o.a.g.SourceCodewriter:55 - Generating class: kr.kau.kjw.estimote_home.EstimoteActivity_
15:11:57.962 [Worker-20] INFO  o.a.p.TimeStats:81 - Time measurements: [Whole Processing = 42 ms], [Generate Sources = 18 ms], [Extract Annotations = 7 ms], [Extract Manifest = 6 ms], [Find R Classes = 6 ms], [Process Annotations = 3 ms], [Validate Annotations = 2 ms], 
15:11:57.963 [Worker-20] INFO  o.a.AndroidAnnotationProcessor:123 - Finish processing
15:13:21.296 [Worker-16] INFO  o.a.AndroidAnnotationProcessor:85 - Initialize AndroidAnnotations 3.0.1 with options {phase=BUILD}
15:13:21.299 [Worker-16] INFO  o.a.AndroidAnnotationProcessor:109 - Start processing for 3 annotations on 1 elements
15:13:21.312 [Worker-16] DEBUG o.a.h.AndroidManifestFinder:137 - AndroidManifest.xml file found in parent folder C:\Users\kjw\workspace-adt\kjw\Etc\Estimote_Home: C:\Users\kjw\workspace-adt\kjw\Etc\Estimote_Home\AndroidManifest.xml
15:13:21.314 [Worker-16] INFO  o.a.AndroidAnnotationProcessor:172 - AndroidManifest.xml found: AndroidManifest [applicationPackage=kr.kau.kjw.estimote_home, componentQualifiedNames=[kr.kau.kjw.estimote_home.EstimoteActivity_, com.estimote.sdk.service.BeaconService], permissionQualifiedNames=[android.permission.BLUETOOTH, android.permission.BLUETOOTH_ADMIN], applicationClassName=null, libraryProject=false, debugabble=false, minSdkVersion=18, maxSdkVersion=-1, targetSdkVersion=18]
15:13:21.314 [Worker-16] INFO  o.a.r.ProjectRClassFinder:50 - Found project R class: kr.kau.kjw.estimote_home.R
15:13:21.315 [Worker-16] INFO  o.a.r.AndroidRClassFinder:44 - Found Android class: android.R
15:13:21.319 [Worker-16] INFO  o.a.p.ModelValidator:42 - Validating elements
15:13:21.320 [Worker-16] DEBUG o.a.p.ModelValidator:62 - Validating with EActivityHandler: [kr.kau.kjw.estimote_home.EstimoteActivity]
15:13:21.321 [Worker-16] DEBUG o.a.p.ModelValidator:62 - Validating with AfterInjectHandler: [void afterInject() ]
15:13:21.321 [Worker-16] DEBUG o.a.p.ModelValidator:62 - Validating with AfterViewsHandler: [void afterViews() ]
15:13:21.321 [Worker-16] INFO  o.a.p.ModelProcessor:73 - Processing root elements
15:13:21.322 [Worker-16] DEBUG o.a.p.ModelProcessor:80 - Processing root elements EActivityHandler: [kr.kau.kjw.estimote_home.EstimoteActivity]
15:13:21.323 [Worker-16] INFO  o.a.p.ModelProcessor:104 - Processing enclosed elements
15:13:21.324 [Worker-16] INFO  o.a.AndroidAnnotationProcessor:251 - Number of files generated by AndroidAnnotations: 1
15:13:21.324 [Worker-16] INFO  o.a.g.ApiCodeGenerator:52 - Writting following API classes in project: []
15:13:21.324 [Worker-16] DEBUG o.a.g.SourceCodewriter:55 - Generating class: kr.kau.kjw.estimote_home.EstimoteActivity_
15:13:21.326 [Worker-16] INFO  o.a.p.TimeStats:81 - Time measurements: [Whole Processing = 27 ms], [Extract Annotations = 12 ms], [Find R Classes = 5 ms], [Extract Manifest = 3 ms], [Process Annotations = 3 ms], [Validate Annotations = 2 ms], [Generate Sources = 2 ms], 
15:13:21.327 [Worker-16] INFO  o.a.AndroidAnnotationProcessor:123 - Finish processing
15:21:39.894 [Worker-24] INFO  o.a.AndroidAnnotationProcessor:85 - Initialize AndroidAnnotations 3.0.1 with options {phase=BUILD}
15:21:39.896 [Worker-24] INFO  o.a.AndroidAnnotationProcessor:109 - Start processing for 3 annotations on 2 elements
15:21:39.904 [Worker-24] DEBUG o.a.h.AndroidManifestFinder:137 - AndroidManifest.xml file found in parent folder C:\Users\kjw\workspace-adt\kjw\Etc\Estimote_Home: C:\Users\kjw\workspace-adt\kjw\Etc\Estimote_Home\AndroidManifest.xml
15:21:39.906 [Worker-24] INFO  o.a.AndroidAnnotationProcessor:172 - AndroidManifest.xml found: AndroidManifest [applicationPackage=kr.kau.kjw.estimote_home, componentQualifiedNames=[kr.kau.kjw.estimote_home.EstimoteActivity_, com.estimote.sdk.service.BeaconService], permissionQualifiedNames=[android.permission.BLUETOOTH, android.permission.BLUETOOTH_ADMIN], applicationClassName=null, libraryProject=false, debugabble=false, minSdkVersion=18, maxSdkVersion=-1, targetSdkVersion=18]
15:21:39.907 [Worker-24] INFO  o.a.r.ProjectRClassFinder:50 - Found project R class: kr.kau.kjw.estimote_home.R
15:21:39.907 [Worker-24] INFO  o.a.r.AndroidRClassFinder:44 - Found Android class: android.R
15:21:39.912 [Worker-24] INFO  o.a.p.ModelValidator:42 - Validating elements
15:21:39.912 [Worker-24] DEBUG o.a.p.ModelValidator:62 - Validating with EActivityHandler: [kr.kau.kjw.estimote_home.EstimoteActivity]
15:21:39.913 [Worker-24] DEBUG o.a.p.ModelValidator:62 - Validating with AfterInjectHandler: [void afterInject() ]
15:21:39.914 [Worker-24] DEBUG o.a.p.ModelValidator:62 - Validating with AfterViewsHandler: [void afterViews() ]
15:21:39.914 [Worker-24] INFO  o.a.p.ModelProcessor:73 - Processing root elements
15:21:39.914 [Worker-24] DEBUG o.a.p.ModelProcessor:80 - Processing root elements EActivityHandler: [kr.kau.kjw.estimote_home.EstimoteActivity]
15:21:39.916 [Worker-24] INFO  o.a.p.ModelProcessor:104 - Processing enclosed elements
15:21:39.917 [Worker-24] INFO  o.a.AndroidAnnotationProcessor:251 - Number of files generated by AndroidAnnotations: 1
15:21:39.917 [Worker-24] INFO  o.a.g.ApiCodeGenerator:52 - Writting following API classes in project: []
15:21:39.917 [Worker-24] DEBUG o.a.g.SourceCodewriter:55 - Generating class: kr.kau.kjw.estimote_home.EstimoteActivity_
15:21:39.921 [Worker-24] INFO  o.a.p.TimeStats:81 - Time measurements: [Whole Processing = 25 ms], [Extract Annotations = 6 ms], [Find R Classes = 5 ms], [Generate Sources = 4 ms], [Extract Manifest = 3 ms], [Process Annotations = 3 ms], [Validate Annotations = 2 ms], 
15:21:39.924 [Worker-24] INFO  o.a.AndroidAnnotationProcessor:123 - Finish processing
15:22:47.648 [Worker-21] INFO  o.a.AndroidAnnotationProcessor:85 - Initialize AndroidAnnotations 3.0.1 with options {phase=BUILD}
15:22:47.664 [Worker-21] INFO  o.a.AndroidAnnotationProcessor:109 - Start processing for 3 annotations on 2 elements
15:22:47.671 [Worker-21] DEBUG o.a.h.AndroidManifestFinder:137 - AndroidManifest.xml file found in parent folder C:\Users\kjw\workspace-adt\kjw\Etc\Estimote_Home: C:\Users\kjw\workspace-adt\kjw\Etc\Estimote_Home\AndroidManifest.xml
15:22:47.672 [Worker-21] INFO  o.a.AndroidAnnotationProcessor:172 - AndroidManifest.xml found: AndroidManifest [applicationPackage=kr.kau.kjw.estimote_home, componentQualifiedNames=[kr.kau.kjw.estimote_home.EstimoteActivity_, com.estimote.sdk.service.BeaconService], permissionQualifiedNames=[android.permission.BLUETOOTH, android.permission.BLUETOOTH_ADMIN], applicationClassName=null, libraryProject=false, debugabble=false, minSdkVersion=18, maxSdkVersion=-1, targetSdkVersion=18]
15:22:47.673 [Worker-21] INFO  o.a.r.ProjectRClassFinder:50 - Found project R class: kr.kau.kjw.estimote_home.R
15:22:47.673 [Worker-21] INFO  o.a.r.AndroidRClassFinder:44 - Found Android class: android.R
15:22:47.678 [Worker-21] INFO  o.a.p.ModelValidator:42 - Validating elements
15:22:47.678 [Worker-21] DEBUG o.a.p.ModelValidator:62 - Validating with EActivityHandler: [kr.kau.kjw.estimote_home.EstimoteActivity]
15:22:47.679 [Worker-21] DEBUG o.a.p.ModelValidator:62 - Validating with AfterInjectHandler: [void afterInject() ]
15:22:47.679 [Worker-21] DEBUG o.a.p.ModelValidator:62 - Validating with AfterViewsHandler: [void afterViews() ]
15:22:47.679 [Worker-21] INFO  o.a.p.ModelProcessor:73 - Processing root elements
15:22:47.680 [Worker-21] DEBUG o.a.p.ModelProcessor:80 - Processing root elements EActivityHandler: [kr.kau.kjw.estimote_home.EstimoteActivity]
15:22:47.682 [Worker-21] INFO  o.a.p.ModelProcessor:104 - Processing enclosed elements
15:22:47.682 [Worker-21] DEBUG o.a.p.ModelProcessor:116 - Processing enclosed elements with AfterInjectHandler: [org.androidannotations.model.AnnotationElements$AnnotatedAndRootElements@5583c9b8]
15:22:47.682 [Worker-21] DEBUG o.a.p.ModelProcessor:116 - Processing enclosed elements with AfterViewsHandler: [org.androidannotations.model.AnnotationElements$AnnotatedAndRootElements@2e2a552a]
15:22:47.683 [Worker-21] INFO  o.a.AndroidAnnotationProcessor:251 - Number of files generated by AndroidAnnotations: 1
15:22:47.683 [Worker-21] INFO  o.a.g.ApiCodeGenerator:52 - Writting following API classes in project: []
15:22:47.683 [Worker-21] DEBUG o.a.g.SourceCodewriter:55 - Generating class: kr.kau.kjw.estimote_home.EstimoteActivity_
15:22:47.685 [Worker-21] INFO  o.a.p.TimeStats:81 - Time measurements: [Whole Processing = 21 ms], [Extract Annotations = 7 ms], [Find R Classes = 4 ms], [Process Annotations = 4 ms], [Generate Sources = 2 ms], [Extract Manifest = 1 ms], [Validate Annotations = 1 ms], 
15:22:47.686 [Worker-21] INFO  o.a.AndroidAnnotationProcessor:123 - Finish processing
15:23:36.193 [Worker-29] INFO  o.a.AndroidAnnotationProcessor:85 - Initialize AndroidAnnotations 3.0.1 with options {phase=BUILD}
15:23:36.194 [Worker-29] INFO  o.a.AndroidAnnotationProcessor:109 - Start processing for 4 annotations on 1 elements
15:23:36.201 [Worker-29] DEBUG o.a.h.AndroidManifestFinder:137 - AndroidManifest.xml file found in parent folder C:\Users\kjw\workspace-adt\kjw\Etc\Estimote_Home: C:\Users\kjw\workspace-adt\kjw\Etc\Estimote_Home\AndroidManifest.xml
15:23:36.203 [Worker-29] INFO  o.a.AndroidAnnotationProcessor:172 - AndroidManifest.xml found: AndroidManifest [applicationPackage=kr.kau.kjw.estimote_home, componentQualifiedNames=[kr.kau.kjw.estimote_home.EstimoteActivity_, com.estimote.sdk.service.BeaconService], permissionQualifiedNames=[android.permission.BLUETOOTH, android.permission.BLUETOOTH_ADMIN], applicationClassName=null, libraryProject=false, debugabble=false, minSdkVersion=18, maxSdkVersion=-1, targetSdkVersion=18]
15:23:36.204 [Worker-29] INFO  o.a.r.ProjectRClassFinder:50 - Found project R class: kr.kau.kjw.estimote_home.R
15:23:36.205 [Worker-29] INFO  o.a.r.AndroidRClassFinder:44 - Found Android class: android.R
15:23:36.208 [Worker-29] INFO  o.a.p.ModelValidator:42 - Validating elements
15:23:36.210 [Worker-29] DEBUG o.a.p.ModelValidator:62 - Validating with EActivityHandler: [kr.kau.kjw.estimote_home.EstimoteActivity]
15:23:36.210 [Worker-29] DEBUG o.a.p.ModelValidator:62 - Validating with ViewByIdHandler: [rangeTv]
15:23:36.212 [Worker-29] DEBUG o.a.p.ModelValidator:62 - Validating with AfterInjectHandler: [void afterInject() ]
15:23:36.213 [Worker-29] DEBUG o.a.p.ModelValidator:62 - Validating with AfterViewsHandler: [void afterViews() ]
15:23:36.214 [Worker-29] INFO  o.a.p.ModelProcessor:73 - Processing root elements
15:23:36.214 [Worker-29] DEBUG o.a.p.ModelProcessor:80 - Processing root elements EActivityHandler: [kr.kau.kjw.estimote_home.EstimoteActivity]
15:23:36.216 [Worker-29] INFO  o.a.p.ModelProcessor:104 - Processing enclosed elements
15:23:36.217 [Worker-29] INFO  o.a.AndroidAnnotationProcessor:251 - Number of files generated by AndroidAnnotations: 1
15:23:36.218 [Worker-29] INFO  o.a.g.ApiCodeGenerator:52 - Writting following API classes in project: []
15:23:36.218 [Worker-29] DEBUG o.a.g.SourceCodewriter:55 - Generating class: kr.kau.kjw.estimote_home.EstimoteActivity_
15:23:36.225 [Worker-29] INFO  o.a.p.TimeStats:81 - Time measurements: [Whole Processing = 31 ms], [Generate Sources = 8 ms], [Extract Annotations = 6 ms], [Validate Annotations = 6 ms], [Find R Classes = 4 ms], [Process Annotations = 3 ms], [Extract Manifest = 2 ms], 
15:23:36.226 [Worker-29] INFO  o.a.AndroidAnnotationProcessor:123 - Finish processing
15:29:31.127 [Worker-32] INFO  o.a.AndroidAnnotationProcessor:85 - Initialize AndroidAnnotations 3.0.1 with options {phase=BUILD}
15:29:31.128 [Worker-32] INFO  o.a.AndroidAnnotationProcessor:109 - Start processing for 4 annotations on 1 elements
15:29:31.135 [Worker-32] DEBUG o.a.h.AndroidManifestFinder:137 - AndroidManifest.xml file found in parent folder C:\Users\kjw\workspace-adt\kjw\Etc\Estimote_Home: C:\Users\kjw\workspace-adt\kjw\Etc\Estimote_Home\AndroidManifest.xml
15:29:31.136 [Worker-32] INFO  o.a.AndroidAnnotationProcessor:172 - AndroidManifest.xml found: AndroidManifest [applicationPackage=kr.kau.kjw.estimote_home, componentQualifiedNames=[kr.kau.kjw.estimote_home.EstimoteActivity_, com.estimote.sdk.service.BeaconService], permissionQualifiedNames=[android.permission.BLUETOOTH, android.permission.BLUETOOTH_ADMIN], applicationClassName=null, libraryProject=false, debugabble=false, minSdkVersion=18, maxSdkVersion=-1, targetSdkVersion=18]
15:29:31.137 [Worker-32] INFO  o.a.r.ProjectRClassFinder:50 - Found project R class: kr.kau.kjw.estimote_home.R
15:29:31.138 [Worker-32] INFO  o.a.r.AndroidRClassFinder:44 - Found Android class: android.R
15:29:31.141 [Worker-32] INFO  o.a.p.ModelValidator:42 - Validating elements
15:29:31.142 [Worker-32] DEBUG o.a.p.ModelValidator:62 - Validating with EActivityHandler: [kr.kau.kjw.estimote_home.EstimoteActivity]
15:29:31.142 [Worker-32] DEBUG o.a.p.ModelValidator:62 - Validating with ViewByIdHandler: [rangeTv]
15:29:31.143 [Worker-32] DEBUG o.a.p.ModelValidator:62 - Validating with AfterInjectHandler: [void afterInject() ]
15:29:31.143 [Worker-32] DEBUG o.a.p.ModelValidator:62 - Validating with AfterViewsHandler: [void afterViews() ]
15:29:31.144 [Worker-32] INFO  o.a.p.ModelProcessor:73 - Processing root elements
15:29:31.144 [Worker-32] DEBUG o.a.p.ModelProcessor:80 - Processing root elements EActivityHandler: [kr.kau.kjw.estimote_home.EstimoteActivity]
15:29:31.146 [Worker-32] INFO  o.a.p.ModelProcessor:104 - Processing enclosed elements
15:29:31.146 [Worker-32] INFO  o.a.AndroidAnnotationProcessor:251 - Number of files generated by AndroidAnnotations: 1
15:29:31.147 [Worker-32] INFO  o.a.g.ApiCodeGenerator:52 - Writting following API classes in project: []
15:29:31.147 [Worker-32] DEBUG o.a.g.SourceCodewriter:55 - Generating class: kr.kau.kjw.estimote_home.EstimoteActivity_
15:29:31.150 [Worker-32] INFO  o.a.p.TimeStats:81 - Time measurements: [Whole Processing = 22 ms], [Extract Annotations = 7 ms], [Find R Classes = 4 ms], [Generate Sources = 4 ms], [Validate Annotations = 3 ms], [Process Annotations = 2 ms], [Extract Manifest = 1 ms], 
15:29:31.150 [Worker-32] INFO  o.a.AndroidAnnotationProcessor:123 - Finish processing
16:59:40.829 [Worker-47] INFO  o.a.AndroidAnnotationProcessor:85 - Initialize AndroidAnnotations 3.0.1 with options {phase=BUILD}
16:59:40.849 [Worker-47] INFO  o.a.AndroidAnnotationProcessor:109 - Start processing for 4 annotations on 2 elements
16:59:40.856 [Worker-47] DEBUG o.a.h.AndroidManifestFinder:137 - AndroidManifest.xml file found in parent folder C:\Users\kjw\workspace-adt\kjw\Etc\Estimote_Home: C:\Users\kjw\workspace-adt\kjw\Etc\Estimote_Home\AndroidManifest.xml
16:59:40.857 [Worker-47] INFO  o.a.AndroidAnnotationProcessor:172 - AndroidManifest.xml found: AndroidManifest [applicationPackage=kr.kau.kjw.estimote_home, componentQualifiedNames=[kr.kau.kjw.estimote_home.EstimoteActivity_, com.estimote.sdk.service.BeaconService], permissionQualifiedNames=[android.permission.BLUETOOTH, android.permission.BLUETOOTH_ADMIN], applicationClassName=null, libraryProject=false, debugabble=false, minSdkVersion=18, maxSdkVersion=-1, targetSdkVersion=18]
16:59:40.857 [Worker-47] INFO  o.a.r.ProjectRClassFinder:50 - Found project R class: kr.kau.kjw.estimote_home.R
16:59:40.858 [Worker-47] INFO  o.a.r.AndroidRClassFinder:44 - Found Android class: android.R
16:59:40.862 [Worker-47] INFO  o.a.p.ModelValidator:42 - Validating elements
16:59:40.862 [Worker-47] DEBUG o.a.p.ModelValidator:62 - Validating with EActivityHandler: [kr.kau.kjw.estimote_home.EstimoteActivity]
16:59:40.862 [Worker-47] DEBUG o.a.p.ModelValidator:62 - Validating with ViewByIdHandler: [rangeTv]
16:59:40.863 [Worker-47] DEBUG o.a.p.ModelValidator:62 - Validating with AfterInjectHandler: [void afterInject() ]
16:59:40.863 [Worker-47] DEBUG o.a.p.ModelValidator:62 - Validating with AfterViewsHandler: [void afterViews() ]
16:59:40.864 [Worker-47] INFO  o.a.p.ModelProcessor:73 - Processing root elements
16:59:40.864 [Worker-47] DEBUG o.a.p.ModelProcessor:80 - Processing root elements EActivityHandler: [kr.kau.kjw.estimote_home.EstimoteActivity]
16:59:40.865 [Worker-47] INFO  o.a.p.ModelProcessor:104 - Processing enclosed elements
16:59:40.866 [Worker-47] DEBUG o.a.p.ModelProcessor:116 - Processing enclosed elements with ViewByIdHandler: [org.androidannotations.model.AnnotationElements$AnnotatedAndRootElements@24d7c2a9]
16:59:40.866 [Worker-47] DEBUG o.a.p.ModelProcessor:116 - Processing enclosed elements with AfterInjectHandler: [org.androidannotations.model.AnnotationElements$AnnotatedAndRootElements@183e5d9b]
16:59:40.866 [Worker-47] DEBUG o.a.p.ModelProcessor:116 - Processing enclosed elements with AfterViewsHandler: [org.androidannotations.model.AnnotationElements$AnnotatedAndRootElements@53c2b863]
16:59:40.867 [Worker-47] INFO  o.a.AndroidAnnotationProcessor:251 - Number of files generated by AndroidAnnotations: 1
16:59:40.867 [Worker-47] INFO  o.a.g.ApiCodeGenerator:52 - Writting following API classes in project: []
16:59:40.867 [Worker-47] DEBUG o.a.g.SourceCodewriter:55 - Generating class: kr.kau.kjw.estimote_home.EstimoteActivity_
16:59:40.870 [Worker-47] INFO  o.a.p.TimeStats:81 - Time measurements: [Whole Processing = 21 ms], [Extract Annotations = 6 ms], [Find R Classes = 5 ms], [Process Annotations = 3 ms], [Generate Sources = 3 ms], [Extract Manifest = 2 ms], [Validate Annotations = 2 ms], 
16:59:40.870 [Worker-47] INFO  o.a.AndroidAnnotationProcessor:123 - Finish processing
17:03:40.638 [Worker-41] INFO  o.a.AndroidAnnotationProcessor:85 - Initialize AndroidAnnotations 3.0.1 with options {phase=BUILD}
17:03:40.639 [Worker-41] INFO  o.a.AndroidAnnotationProcessor:109 - Start processing for 4 annotations on 4 elements
17:03:40.646 [Worker-41] DEBUG o.a.h.AndroidManifestFinder:137 - AndroidManifest.xml file found in parent folder C:\Users\kjw\workspace-adt\kjw\Etc\Estimote_Home: C:\Users\kjw\workspace-adt\kjw\Etc\Estimote_Home\AndroidManifest.xml
17:03:40.648 [Worker-41] INFO  o.a.AndroidAnnotationProcessor:172 - AndroidManifest.xml found: AndroidManifest [applicationPackage=kr.kau.kjw.estimote_home, componentQualifiedNames=[kr.kau.kjw.estimote_home.EstimoteActivity_, com.estimote.sdk.service.BeaconService], permissionQualifiedNames=[android.permission.BLUETOOTH, android.permission.BLUETOOTH_ADMIN], applicationClassName=null, libraryProject=false, debugabble=false, minSdkVersion=18, maxSdkVersion=-1, targetSdkVersion=18]
17:03:40.648 [Worker-41] INFO  o.a.r.ProjectRClassFinder:50 - Found project R class: kr.kau.kjw.estimote_home.R
17:03:40.648 [Worker-41] INFO  o.a.r.AndroidRClassFinder:44 - Found Android class: android.R
17:03:40.652 [Worker-41] INFO  o.a.p.ModelValidator:42 - Validating elements
17:03:40.652 [Worker-41] DEBUG o.a.p.ModelValidator:62 - Validating with EActivityHandler: [kr.kau.kjw.estimote_home.EstimoteActivity]
17:03:40.653 [Worker-41] DEBUG o.a.p.ModelValidator:62 - Validating with ViewByIdHandler: [rangeTv]
17:03:40.653 [Worker-41] DEBUG o.a.p.ModelValidator:62 - Validating with AfterInjectHandler: [void afterInject() ]
17:03:40.654 [Worker-41] DEBUG o.a.p.ModelValidator:62 - Validating with AfterViewsHandler: [void afterViews() ]
17:03:40.654 [Worker-41] INFO  o.a.p.ModelProcessor:73 - Processing root elements
17:03:40.655 [Worker-41] DEBUG o.a.p.ModelProcessor:80 - Processing root elements EActivityHandler: [kr.kau.kjw.estimote_home.EstimoteActivity]
17:03:40.656 [Worker-41] INFO  o.a.p.ModelProcessor:104 - Processing enclosed elements
17:03:40.657 [Worker-41] DEBUG o.a.p.ModelProcessor:116 - Processing enclosed elements with ViewByIdHandler: [org.androidannotations.model.AnnotationElements$AnnotatedAndRootElements@675eab36]
17:03:40.657 [Worker-41] DEBUG o.a.p.ModelProcessor:116 - Processing enclosed elements with AfterInjectHandler: [org.androidannotations.model.AnnotationElements$AnnotatedAndRootElements@4e13341a]
17:03:40.658 [Worker-41] DEBUG o.a.p.ModelProcessor:116 - Processing enclosed elements with AfterViewsHandler: [org.androidannotations.model.AnnotationElements$AnnotatedAndRootElements@1c9dbc6d]
17:03:40.658 [Worker-41] INFO  o.a.AndroidAnnotationProcessor:251 - Number of files generated by AndroidAnnotations: 1
17:03:40.658 [Worker-41] INFO  o.a.g.ApiCodeGenerator:52 - Writting following API classes in project: []
17:03:40.658 [Worker-41] DEBUG o.a.g.SourceCodewriter:55 - Generating class: kr.kau.kjw.estimote_home.EstimoteActivity_
17:03:40.660 [Worker-41] INFO  o.a.p.TimeStats:81 - Time measurements: [Whole Processing = 21 ms], [Extract Annotations = 7 ms], [Find R Classes = 4 ms], [Process Annotations = 4 ms], [Extract Manifest = 2 ms], [Validate Annotations = 2 ms], [Generate Sources = 2 ms], 
17:03:40.661 [Worker-41] INFO  o.a.AndroidAnnotationProcessor:123 - Finish processing
17:03:47.677 [Worker-52] INFO  o.a.AndroidAnnotationProcessor:85 - Initialize AndroidAnnotations 3.0.1 with options {phase=BUILD}
17:04:17.336 [Worker-52] INFO  o.a.AndroidAnnotationProcessor:85 - Initialize AndroidAnnotations 3.0.1 with options {phase=BUILD}
17:04:17.339 [Worker-52] INFO  o.a.AndroidAnnotationProcessor:109 - Start processing for 4 annotations on 107 elements
17:04:17.353 [Worker-52] DEBUG o.a.h.AndroidManifestFinder:137 - AndroidManifest.xml file found in parent folder C:\Users\kjw\workspace-adt\kjw\Etc\Estimote_Home: C:\Users\kjw\workspace-adt\kjw\Etc\Estimote_Home\AndroidManifest.xml
17:04:17.354 [Worker-52] INFO  o.a.AndroidAnnotationProcessor:172 - AndroidManifest.xml found: AndroidManifest [applicationPackage=kr.kau.kjw.estimote_home, componentQualifiedNames=[kr.kau.kjw.estimote_home.EstimoteActivity_, com.estimote.sdk.service.BeaconService], permissionQualifiedNames=[android.permission.BLUETOOTH, android.permission.BLUETOOTH_ADMIN], applicationClassName=null, libraryProject=false, debugabble=false, minSdkVersion=18, maxSdkVersion=-1, targetSdkVersion=18]
17:04:17.355 [Worker-52] INFO  o.a.r.ProjectRClassFinder:50 - Found project R class: kr.kau.kjw.estimote_home.R
17:04:17.355 [Worker-52] INFO  o.a.r.AndroidRClassFinder:44 - Found Android class: android.R
17:04:17.361 [Worker-52] INFO  o.a.p.ModelValidator:42 - Validating elements
17:04:17.361 [Worker-52] DEBUG o.a.p.ModelValidator:62 - Validating with EActivityHandler: [kr.kau.kjw.estimote_home.EstimoteActivity]
17:04:17.362 [Worker-52] DEBUG o.a.p.ModelValidator:62 - Validating with ViewByIdHandler: [rangeTv, fortuneTv]
17:04:17.363 [Worker-52] DEBUG o.a.p.ModelValidator:62 - Validating with AfterInjectHandler: [void afterInject() ]
17:04:17.363 [Worker-52] DEBUG o.a.p.ModelValidator:62 - Validating with AfterViewsHandler: [void afterViews() ]
17:04:17.364 [Worker-52] INFO  o.a.p.ModelProcessor:73 - Processing root elements
17:04:17.365 [Worker-52] DEBUG o.a.p.ModelProcessor:80 - Processing root elements EActivityHandler: [kr.kau.kjw.estimote_home.EstimoteActivity]
17:04:17.366 [Worker-52] INFO  o.a.p.ModelProcessor:104 - Processing enclosed elements
17:04:17.367 [Worker-52] DEBUG o.a.p.ModelProcessor:116 - Processing enclosed elements with ViewByIdHandler: [org.androidannotations.model.AnnotationElements$AnnotatedAndRootElements@5bd5c5a4, org.androidannotations.model.AnnotationElements$AnnotatedAndRootElements@527b4999]
17:04:17.367 [Worker-52] DEBUG o.a.p.ModelProcessor:116 - Processing enclosed elements with AfterInjectHandler: [org.androidannotations.model.AnnotationElements$AnnotatedAndRootElements@4c196b80]
17:04:17.368 [Worker-52] DEBUG o.a.p.ModelProcessor:116 - Processing enclosed elements with AfterViewsHandler: [org.androidannotations.model.AnnotationElements$AnnotatedAndRootElements@5dd868a8]
17:04:17.368 [Worker-52] INFO  o.a.AndroidAnnotationProcessor:251 - Number of files generated by AndroidAnnotations: 1
17:04:17.368 [Worker-52] INFO  o.a.g.ApiCodeGenerator:52 - Writting following API classes in project: []
17:04:17.369 [Worker-52] DEBUG o.a.g.SourceCodewriter:55 - Generating class: kr.kau.kjw.estimote_home.EstimoteActivity_
17:04:17.378 [Worker-52] INFO  o.a.p.TimeStats:81 - Time measurements: [Whole Processing = 41 ms], [Extract Annotations = 13 ms], [Generate Sources = 10 ms], [Find R Classes = 5 ms], [Process Annotations = 4 ms], [Validate Annotations = 3 ms], [Extract Manifest = 2 ms], 
17:04:17.379 [Worker-52] INFO  o.a.AndroidAnnotationProcessor:123 - Finish processing
17:04:35.504 [Worker-53] INFO  o.a.AndroidAnnotationProcessor:85 - Initialize AndroidAnnotations 3.0.1 with options {phase=BUILD}
17:04:41.839 [Worker-51] INFO  o.a.AndroidAnnotationProcessor:85 - Initialize AndroidAnnotations 3.0.1 with options {phase=BUILD}
17:05:28.187 [Worker-51] INFO  o.a.AndroidAnnotationProcessor:85 - Initialize AndroidAnnotations 3.0.1 with options {phase=BUILD}
17:05:28.188 [Worker-51] INFO  o.a.AndroidAnnotationProcessor:109 - Start processing for 4 annotations on 107 elements
17:05:28.199 [Worker-51] DEBUG o.a.h.AndroidManifestFinder:137 - AndroidManifest.xml file found in parent folder C:\Users\kjw\workspace-adt\kjw\Etc\Estimote_Home: C:\Users\kjw\workspace-adt\kjw\Etc\Estimote_Home\AndroidManifest.xml
17:05:28.201 [Worker-51] INFO  o.a.AndroidAnnotationProcessor:172 - AndroidManifest.xml found: AndroidManifest [applicationPackage=kr.kau.kjw.estimote_home, componentQualifiedNames=[kr.kau.kjw.estimote_home.EstimoteActivity_, com.estimote.sdk.service.BeaconService], permissionQualifiedNames=[android.permission.BLUETOOTH, android.permission.BLUETOOTH_ADMIN], applicationClassName=null, libraryProject=false, debugabble=false, minSdkVersion=18, maxSdkVersion=-1, targetSdkVersion=18]
17:05:28.202 [Worker-51] INFO  o.a.r.ProjectRClassFinder:50 - Found project R class: kr.kau.kjw.estimote_home.R
17:05:28.203 [Worker-51] INFO  o.a.r.AndroidRClassFinder:44 - Found Android class: android.R
17:05:28.209 [Worker-51] INFO  o.a.p.ModelValidator:42 - Validating elements
17:05:28.210 [Worker-51] DEBUG o.a.p.ModelValidator:62 - Validating with EActivityHandler: [kr.kau.kjw.estimote_home.EstimoteActivity]
17:05:28.211 [Worker-51] DEBUG o.a.p.ModelValidator:62 - Validating with ViewByIdHandler: [rangeTv, fortuneTv]
17:05:28.211 [Worker-51] DEBUG o.a.p.ModelValidator:62 - Validating with AfterInjectHandler: [void afterInject() ]
17:05:28.212 [Worker-51] DEBUG o.a.p.ModelValidator:62 - Validating with AfterViewsHandler: [void afterViews() ]
17:05:28.212 [Worker-51] INFO  o.a.p.ModelProcessor:73 - Processing root elements
17:05:28.212 [Worker-51] DEBUG o.a.p.ModelProcessor:80 - Processing root elements EActivityHandler: [kr.kau.kjw.estimote_home.EstimoteActivity]
17:05:28.214 [Worker-51] INFO  o.a.p.ModelProcessor:104 - Processing enclosed elements
17:05:28.215 [Worker-51] INFO  o.a.AndroidAnnotationProcessor:251 - Number of files generated by AndroidAnnotations: 1
17:05:28.216 [Worker-51] INFO  o.a.g.ApiCodeGenerator:52 - Writting following API classes in project: []
17:05:28.216 [Worker-51] DEBUG o.a.g.SourceCodewriter:55 - Generating class: kr.kau.kjw.estimote_home.EstimoteActivity_
17:05:28.220 [Worker-51] INFO  o.a.p.TimeStats:81 - Time measurements: [Whole Processing = 32 ms], [Extract Annotations = 10 ms], [Find R Classes = 7 ms], [Generate Sources = 5 ms], [Validate Annotations = 3 ms], [Process Annotations = 3 ms], [Extract Manifest = 2 ms], 
17:05:28.220 [Worker-51] INFO  o.a.AndroidAnnotationProcessor:123 - Finish processing
17:05:40.223 [Worker-48] INFO  o.a.AndroidAnnotationProcessor:85 - Initialize AndroidAnnotations 3.0.1 with options {phase=BUILD}
17:05:40.225 [Worker-48] INFO  o.a.AndroidAnnotationProcessor:109 - Start processing for 4 annotations on 107 elements
17:05:40.237 [Worker-48] DEBUG o.a.h.AndroidManifestFinder:137 - AndroidManifest.xml file found in parent folder C:\Users\kjw\workspace-adt\kjw\Etc\Estimote_Home: C:\Users\kjw\workspace-adt\kjw\Etc\Estimote_Home\AndroidManifest.xml
17:05:40.239 [Worker-48] INFO  o.a.AndroidAnnotationProcessor:172 - AndroidManifest.xml found: AndroidManifest [applicationPackage=kr.kau.kjw.estimote_home, componentQualifiedNames=[kr.kau.kjw.estimote_home.EstimoteActivity_, com.estimote.sdk.service.BeaconService], permissionQualifiedNames=[android.permission.BLUETOOTH, android.permission.BLUETOOTH_ADMIN], applicationClassName=null, libraryProject=false, debugabble=false, minSdkVersion=18, maxSdkVersion=-1, targetSdkVersion=18]
17:05:40.239 [Worker-48] INFO  o.a.r.ProjectRClassFinder:50 - Found project R class: kr.kau.kjw.estimote_home.R
17:05:40.240 [Worker-48] INFO  o.a.r.AndroidRClassFinder:44 - Found Android class: android.R
17:05:40.243 [Worker-48] INFO  o.a.p.ModelValidator:42 - Validating elements
17:05:40.244 [Worker-48] DEBUG o.a.p.ModelValidator:62 - Validating with EActivityHandler: [kr.kau.kjw.estimote_home.EstimoteActivity]
17:05:40.244 [Worker-48] DEBUG o.a.p.ModelValidator:62 - Validating with ViewByIdHandler: [rangeTv, fortuneTv]
17:05:40.245 [Worker-48] DEBUG o.a.p.ModelValidator:62 - Validating with AfterInjectHandler: [void afterInject() ]
17:05:40.245 [Worker-48] DEBUG o.a.p.ModelValidator:62 - Validating with AfterViewsHandler: [void afterViews() ]
17:05:40.246 [Worker-48] INFO  o.a.p.ModelProcessor:73 - Processing root elements
17:05:40.246 [Worker-48] DEBUG o.a.p.ModelProcessor:80 - Processing root elements EActivityHandler: [kr.kau.kjw.estimote_home.EstimoteActivity]
17:05:40.248 [Worker-48] INFO  o.a.p.ModelProcessor:104 - Processing enclosed elements
17:05:40.250 [Worker-48] INFO  o.a.AndroidAnnotationProcessor:251 - Number of files generated by AndroidAnnotations: 1
17:05:40.250 [Worker-48] INFO  o.a.g.ApiCodeGenerator:52 - Writting following API classes in project: []
17:05:40.251 [Worker-48] DEBUG o.a.g.SourceCodewriter:55 - Generating class: kr.kau.kjw.estimote_home.EstimoteActivity_
17:05:40.253 [Worker-48] INFO  o.a.p.TimeStats:81 - Time measurements: [Whole Processing = 29 ms], [Extract Annotations = 11 ms], [Find R Classes = 4 ms], [Process Annotations = 4 ms], [Extract Manifest = 3 ms], [Validate Annotations = 3 ms], [Generate Sources = 3 ms], 
17:05:40.254 [Worker-48] INFO  o.a.AndroidAnnotationProcessor:123 - Finish processing
20:00:24.570 [Worker-78] INFO  o.a.AndroidAnnotationProcessor:85 - Initialize AndroidAnnotations 3.0.1 with options {phase=BUILD}
20:00:24.571 [Worker-78] INFO  o.a.AndroidAnnotationProcessor:109 - Start processing for 4 annotations on 1 elements
20:00:24.579 [Worker-78] DEBUG o.a.h.AndroidManifestFinder:137 - AndroidManifest.xml file found in parent folder C:\Users\kjw\workspace-adt\kjw\Etc\Estimote_Home: C:\Users\kjw\workspace-adt\kjw\Etc\Estimote_Home\AndroidManifest.xml
20:00:24.580 [Worker-78] INFO  o.a.AndroidAnnotationProcessor:172 - AndroidManifest.xml found: AndroidManifest [applicationPackage=kr.kau.kjw.estimote_home, componentQualifiedNames=[kr.kau.kjw.estimote_home.EstimoteActivity_, com.estimote.sdk.service.BeaconService], permissionQualifiedNames=[android.permission.BLUETOOTH, android.permission.BLUETOOTH_ADMIN], applicationClassName=null, libraryProject=false, debugabble=false, minSdkVersion=18, maxSdkVersion=-1, targetSdkVersion=18]
20:00:24.581 [Worker-78] INFO  o.a.r.ProjectRClassFinder:50 - Found project R class: kr.kau.kjw.estimote_home.R
20:00:24.582 [Worker-78] INFO  o.a.r.AndroidRClassFinder:44 - Found Android class: android.R
20:00:24.585 [Worker-78] INFO  o.a.p.ModelValidator:42 - Validating elements
20:00:24.586 [Worker-78] DEBUG o.a.p.ModelValidator:62 - Validating with EActivityHandler: [kr.kau.kjw.estimote_home.EstimoteActivity]
20:00:24.586 [Worker-78] DEBUG o.a.p.ModelValidator:62 - Validating with ViewByIdHandler: [rangeTv, fortuneTv]
20:00:24.587 [Worker-78] DEBUG o.a.p.ModelValidator:62 - Validating with AfterInjectHandler: [void afterInject() ]
20:00:24.587 [Worker-78] DEBUG o.a.p.ModelValidator:62 - Validating with AfterViewsHandler: [void afterViews() ]
20:00:24.588 [Worker-78] INFO  o.a.p.ModelProcessor:73 - Processing root elements
20:00:24.588 [Worker-78] DEBUG o.a.p.ModelProcessor:80 - Processing root elements EActivityHandler: [kr.kau.kjw.estimote_home.EstimoteActivity]
20:00:24.590 [Worker-78] INFO  o.a.p.ModelProcessor:104 - Processing enclosed elements
20:00:24.590 [Worker-78] INFO  o.a.AndroidAnnotationProcessor:251 - Number of files generated by AndroidAnnotations: 1
20:00:24.590 [Worker-78] INFO  o.a.g.ApiCodeGenerator:52 - Writting following API classes in project: []
20:00:24.591 [Worker-78] DEBUG o.a.g.SourceCodewriter:55 - Generating class: kr.kau.kjw.estimote_home.EstimoteActivity_
20:00:24.595 [Worker-78] INFO  o.a.p.TimeStats:81 - Time measurements: [Whole Processing = 24 ms], [Extract Annotations = 7 ms], [Generate Sources = 5 ms], [Find R Classes = 4 ms], [Validate Annotations = 3 ms], [Process Annotations = 2 ms], [Extract Manifest = 1 ms], 
20:00:24.595 [Worker-78] INFO  o.a.AndroidAnnotationProcessor:123 - Finish processing
02:16:10.971 [Worker-5] INFO  o.a.AndroidAnnotationProcessor:85 - Initialize AndroidAnnotations 3.0.1 with options {phase=BUILD}
02:16:11.112 [Worker-5] INFO  o.a.AndroidAnnotationProcessor:109 - Start processing for 4 annotations on 108 elements
02:16:11.175 [Worker-5] DEBUG o.a.h.AndroidManifestFinder:137 - AndroidManifest.xml file found in parent folder C:\Users\Jaewook\Desktop\My\프로젝트\진행중\KJW_EstimoteHome\Estimote_Home: C:\Users\Jaewook\Desktop\My\프로젝트\진행중\KJW_EstimoteHome\Estimote_Home\AndroidManifest.xml
02:16:11.268 [Worker-5] INFO  o.a.AndroidAnnotationProcessor:172 - AndroidManifest.xml found: AndroidManifest [applicationPackage=kr.kau.kjw.estimote_home, componentQualifiedNames=[kr.kau.kjw.estimote_home.EstimoteActivity_, com.estimote.sdk.service.BeaconService], permissionQualifiedNames=[android.permission.BLUETOOTH, android.permission.BLUETOOTH_ADMIN], applicationClassName=null, libraryProject=false, debugabble=false, minSdkVersion=18, maxSdkVersion=-1, targetSdkVersion=18]
02:16:11.268 [Worker-5] INFO  o.a.r.ProjectRClassFinder:50 - Found project R class: kr.kau.kjw.estimote_home.R
02:16:11.284 [Worker-5] INFO  o.a.r.AndroidRClassFinder:44 - Found Android class: android.R
02:16:11.331 [Worker-5] INFO  o.a.p.ModelValidator:42 - Validating elements
02:16:11.331 [Worker-5] DEBUG o.a.p.ModelValidator:62 - Validating with EActivityHandler: [kr.kau.kjw.estimote_home.EstimoteActivity]
02:16:11.331 [Worker-5] DEBUG o.a.p.ModelValidator:62 - Validating with ViewByIdHandler: [fortuneTv, rangeTv]
02:16:11.346 [Worker-5] DEBUG o.a.p.ModelValidator:62 - Validating with AfterInjectHandler: [void afterInject() ]
02:16:11.346 [Worker-5] DEBUG o.a.p.ModelValidator:62 - Validating with AfterViewsHandler: [void afterViews() ]
02:16:11.346 [Worker-5] INFO  o.a.p.ModelProcessor:73 - Processing root elements
02:16:11.346 [Worker-5] DEBUG o.a.p.ModelProcessor:80 - Processing root elements EActivityHandler: [kr.kau.kjw.estimote_home.EstimoteActivity]
02:16:11.393 [Worker-5] INFO  o.a.p.ModelProcessor:104 - Processing enclosed elements
02:16:11.393 [Worker-5] DEBUG o.a.p.ModelProcessor:116 - Processing enclosed elements with ViewByIdHandler: [org.androidannotations.model.AnnotationElements$AnnotatedAndRootElements@bccfa62, org.androidannotations.model.AnnotationElements$AnnotatedAndRootElements@20edb23b]
02:16:11.393 [Worker-5] DEBUG o.a.p.ModelProcessor:116 - Processing enclosed elements with AfterInjectHandler: [org.androidannotations.model.AnnotationElements$AnnotatedAndRootElements@2bce4ded]
02:16:11.393 [Worker-5] DEBUG o.a.p.ModelProcessor:116 - Processing enclosed elements with AfterViewsHandler: [org.androidannotations.model.AnnotationElements$AnnotatedAndRootElements@755e1912]
02:16:11.393 [Worker-5] INFO  o.a.AndroidAnnotationProcessor:251 - Number of files generated by AndroidAnnotations: 1
02:16:11.393 [Worker-5] INFO  o.a.g.ApiCodeGenerator:52 - Writting following API classes in project: []
02:16:11.393 [Worker-5] DEBUG o.a.g.SourceCodewriter:55 - Generating class: kr.kau.kjw.estimote_home.EstimoteActivity_
02:16:11.503 [Worker-5] INFO  o.a.p.TimeStats:81 - Time measurements: [Whole Processing = 438 ms], [Generate Sources = 110 ms], [Extract Manifest = 93 ms], [Extract Annotations = 63 ms], [Find R Classes = 63 ms], [Process Annotations = 47 ms], [Validate Annotations = 15 ms], 
02:16:11.518 [Worker-5] INFO  o.a.AndroidAnnotationProcessor:123 - Finish processing
02:36:52.657 [Worker-16] INFO  o.a.AndroidAnnotationProcessor:85 - Initialize AndroidAnnotations 3.0.1 with options {phase=BUILD}
02:36:52.695 [Worker-16] INFO  o.a.AndroidAnnotationProcessor:109 - Start processing for 4 annotations on 1 elements
02:36:52.879 [Worker-16] DEBUG o.a.h.AndroidManifestFinder:137 - AndroidManifest.xml file found in parent folder C:\Users\Jaewook\Desktop\My\프로젝트\진행중\KJW_EstimoteHome\Estimote_Home: C:\Users\Jaewook\Desktop\My\프로젝트\진행중\KJW_EstimoteHome\Estimote_Home\AndroidManifest.xml
02:36:52.902 [Worker-16] INFO  o.a.AndroidAnnotationProcessor:172 - AndroidManifest.xml found: AndroidManifest [applicationPackage=kr.kau.kjw.estimote_home, componentQualifiedNames=[kr.kau.kjw.estimote_home.EstimoteActivity_, com.estimote.sdk.service.BeaconService], permissionQualifiedNames=[android.permission.BLUETOOTH, android.permission.BLUETOOTH_ADMIN], applicationClassName=null, libraryProject=false, debugabble=false, minSdkVersion=18, maxSdkVersion=-1, targetSdkVersion=18]
02:36:52.903 [Worker-16] INFO  o.a.r.ProjectRClassFinder:50 - Found project R class: kr.kau.kjw.estimote_home.R
02:36:52.907 [Worker-16] INFO  o.a.r.AndroidRClassFinder:44 - Found Android class: android.R
02:36:52.924 [Worker-16] INFO  o.a.p.ModelValidator:42 - Validating elements
02:36:52.926 [Worker-16] DEBUG o.a.p.ModelValidator:62 - Validating with EActivityHandler: [kr.kau.kjw.estimote_home.EstimoteActivity]
02:36:52.927 [Worker-16] DEBUG o.a.p.ModelValidator:62 - Validating with ViewByIdHandler: [fortuneTv, rangeTv]
02:36:52.945 [Worker-16] DEBUG o.a.p.ModelValidator:62 - Validating with AfterInjectHandler: [void afterInject() ]
02:36:52.946 [Worker-16] DEBUG o.a.p.ModelValidator:62 - Validating with AfterViewsHandler: [void afterViews() ]
02:36:52.947 [Worker-16] INFO  o.a.p.ModelProcessor:73 - Processing root elements
02:36:52.948 [Worker-16] DEBUG o.a.p.ModelProcessor:80 - Processing root elements EActivityHandler: [kr.kau.kjw.estimote_home.EstimoteActivity]
02:36:52.952 [Worker-16] INFO  o.a.p.ModelProcessor:104 - Processing enclosed elements
02:36:52.953 [Worker-16] INFO  o.a.AndroidAnnotationProcessor:251 - Number of files generated by AndroidAnnotations: 1
02:36:52.954 [Worker-16] INFO  o.a.g.ApiCodeGenerator:52 - Writting following API classes in project: []
02:36:52.954 [Worker-16] DEBUG o.a.g.SourceCodewriter:55 - Generating class: kr.kau.kjw.estimote_home.EstimoteActivity_
02:36:52.970 [Worker-16] INFO  o.a.p.TimeStats:81 - Time measurements: [Whole Processing = 275 ms], [Extract Annotations = 183 ms], [Extract Manifest = 23 ms], [Validate Annotations = 23 ms], [Find R Classes = 21 ms], [Generate Sources = 17 ms], [Process Annotations = 6 ms], 
02:36:52.971 [Worker-16] INFO  o.a.AndroidAnnotationProcessor:123 - Finish processing
02:38:56.575 [Worker-10] INFO  o.a.AndroidAnnotationProcessor:85 - Initialize AndroidAnnotations 3.0.1 with options {phase=BUILD}
02:40:05.647 [Worker-22] INFO  o.a.AndroidAnnotationProcessor:85 - Initialize AndroidAnnotations 3.0.1 with options {phase=BUILD}
02:40:05.649 [Worker-22] INFO  o.a.AndroidAnnotationProcessor:109 - Start processing for 4 annotations on 1 elements
02:40:05.660 [Worker-22] DEBUG o.a.h.AndroidManifestFinder:137 - AndroidManifest.xml file found in parent folder C:\Users\Jaewook\Desktop\My\프로젝트\진행중\KJW_EstimoteHome\Estimote_Home: C:\Users\Jaewook\Desktop\My\프로젝트\진행중\KJW_EstimoteHome\Estimote_Home\AndroidManifest.xml
02:40:05.664 [Worker-22] INFO  o.a.AndroidAnnotationProcessor:172 - AndroidManifest.xml found: AndroidManifest [applicationPackage=kr.kau.kjw.estimote_home, componentQualifiedNames=[kr.kau.kjw.estimote_home.EstimoteActivity_, com.estimote.sdk.service.BeaconService], permissionQualifiedNames=[android.permission.BLUETOOTH, android.permission.BLUETOOTH_ADMIN, android.permission.INTERNET], applicationClassName=null, libraryProject=false, debugabble=false, minSdkVersion=18, maxSdkVersion=-1, targetSdkVersion=18]
02:40:05.665 [Worker-22] INFO  o.a.r.ProjectRClassFinder:50 - Found project R class: kr.kau.kjw.estimote_home.R
02:40:05.668 [Worker-22] INFO  o.a.r.AndroidRClassFinder:44 - Found Android class: android.R
02:40:05.678 [Worker-22] INFO  o.a.p.ModelValidator:42 - Validating elements
02:40:05.678 [Worker-22] DEBUG o.a.p.ModelValidator:62 - Validating with EActivityHandler: [kr.kau.kjw.estimote_home.EstimoteActivity]
02:40:05.679 [Worker-22] DEBUG o.a.p.ModelValidator:62 - Validating with ViewByIdHandler: [rangeTv, fortuneTv]
02:40:05.681 [Worker-22] DEBUG o.a.p.ModelValidator:62 - Validating with AfterInjectHandler: [void afterInject() ]
02:40:05.682 [Worker-22] DEBUG o.a.p.ModelValidator:62 - Validating with AfterViewsHandler: [void afterViews() ]
02:40:05.683 [Worker-22] INFO  o.a.p.ModelProcessor:73 - Processing root elements
02:40:05.683 [Worker-22] DEBUG o.a.p.ModelProcessor:80 - Processing root elements EActivityHandler: [kr.kau.kjw.estimote_home.EstimoteActivity]
02:40:05.687 [Worker-22] INFO  o.a.p.ModelProcessor:104 - Processing enclosed elements
02:40:05.688 [Worker-22] INFO  o.a.AndroidAnnotationProcessor:251 - Number of files generated by AndroidAnnotations: 1
02:40:05.689 [Worker-22] INFO  o.a.g.ApiCodeGenerator:52 - Writting following API classes in project: []
02:40:05.690 [Worker-22] DEBUG o.a.g.SourceCodewriter:55 - Generating class: kr.kau.kjw.estimote_home.EstimoteActivity_
02:40:05.700 [Worker-22] INFO  o.a.p.TimeStats:81 - Time measurements: [Whole Processing = 51 ms], [Find R Classes = 12 ms], [Generate Sources = 12 ms], [Extract Annotations = 10 ms], [Validate Annotations = 5 ms], [Process Annotations = 5 ms], [Extract Manifest = 4 ms], 
02:40:05.701 [Worker-22] INFO  o.a.AndroidAnnotationProcessor:123 - Finish processing
02:49:36.387 [Worker-26] INFO  o.a.AndroidAnnotationProcessor:85 - Initialize AndroidAnnotations 3.0.1 with options {phase=BUILD}
02:49:36.392 [Worker-26] INFO  o.a.AndroidAnnotationProcessor:109 - Start processing for 4 annotations on 1 elements
02:49:36.522 [Worker-26] DEBUG o.a.h.AndroidManifestFinder:137 - AndroidManifest.xml file found in parent folder C:\Users\Jaewook\Desktop\My\프로젝트\진행중\KJW_EstimoteHome\Estimote_Home: C:\Users\Jaewook\Desktop\My\프로젝트\진행중\KJW_EstimoteHome\Estimote_Home\AndroidManifest.xml
02:49:36.529 [Worker-26] INFO  o.a.AndroidAnnotationProcessor:172 - AndroidManifest.xml found: AndroidManifest [applicationPackage=kr.kau.kjw.estimote_home, componentQualifiedNames=[kr.kau.kjw.estimote_home.EstimoteActivity_, com.estimote.sdk.service.BeaconService], permissionQualifiedNames=[android.permission.BLUETOOTH, android.permission.BLUETOOTH_ADMIN, android.permission.INTERNET], applicationClassName=null, libraryProject=false, debugabble=false, minSdkVersion=18, maxSdkVersion=-1, targetSdkVersion=18]
02:49:36.573 [Worker-26] INFO  o.a.r.ProjectRClassFinder:50 - Found project R class: kr.kau.kjw.estimote_home.R
02:49:36.621 [Worker-26] INFO  o.a.r.AndroidRClassFinder:44 - Found Android class: android.R
02:49:36.718 [Worker-26] INFO  o.a.p.ModelValidator:42 - Validating elements
02:49:36.721 [Worker-26] DEBUG o.a.p.ModelValidator:62 - Validating with EActivityHandler: [kr.kau.kjw.estimote_home.EstimoteActivity]
02:49:36.766 [Worker-26] DEBUG o.a.p.ModelValidator:62 - Validating with ViewByIdHandler: [fortuneTv, rangeTv]
02:49:36.781 [Worker-26] DEBUG o.a.p.ModelValidator:62 - Validating with AfterInjectHandler: [void afterInject() ]
02:49:36.816 [Worker-26] DEBUG o.a.p.ModelValidator:62 - Validating with AfterViewsHandler: [void afterViews() ]
02:49:36.819 [Worker-26] INFO  o.a.p.ModelProcessor:73 - Processing root elements
02:49:36.855 [Worker-26] DEBUG o.a.p.ModelProcessor:80 - Processing root elements EActivityHandler: [kr.kau.kjw.estimote_home.EstimoteActivity]
02:49:36.886 [Worker-26] INFO  o.a.p.ModelProcessor:104 - Processing enclosed elements
02:49:36.892 [Worker-26] INFO  o.a.AndroidAnnotationProcessor:251 - Number of files generated by AndroidAnnotations: 1
02:49:36.897 [Worker-26] INFO  o.a.g.ApiCodeGenerator:52 - Writting following API classes in project: []
02:49:36.901 [Worker-26] DEBUG o.a.g.SourceCodewriter:55 - Generating class: kr.kau.kjw.estimote_home.EstimoteActivity_
02:49:37.149 [Worker-26] INFO  o.a.p.TimeStats:81 - Time measurements: [Whole Processing = 757 ms], [Generate Sources = 257 ms], [Find R Classes = 144 ms], [Extract Annotations = 125 ms], [Validate Annotations = 100 ms], [Process Annotations = 74 ms], [Extract Manifest = 9 ms], 
02:49:37.153 [Worker-26] INFO  o.a.AndroidAnnotationProcessor:123 - Finish processing
02:52:39.760 [Worker-27] INFO  o.a.AndroidAnnotationProcessor:85 - Initialize AndroidAnnotations 3.0.1 with options {phase=BUILD}
02:52:39.763 [Worker-27] INFO  o.a.AndroidAnnotationProcessor:109 - Start processing for 4 annotations on 1 elements
02:52:39.774 [Worker-27] DEBUG o.a.h.AndroidManifestFinder:137 - AndroidManifest.xml file found in parent folder C:\Users\Jaewook\Desktop\My\프로젝트\진행중\KJW_EstimoteHome\Estimote_Home: C:\Users\Jaewook\Desktop\My\프로젝트\진행중\KJW_EstimoteHome\Estimote_Home\AndroidManifest.xml
02:52:39.788 [Worker-27] INFO  o.a.AndroidAnnotationProcessor:172 - AndroidManifest.xml found: AndroidManifest [applicationPackage=kr.kau.kjw.estimote_home, componentQualifiedNames=[kr.kau.kjw.estimote_home.EstimoteActivity_, com.estimote.sdk.service.BeaconService], permissionQualifiedNames=[android.permission.BLUETOOTH, android.permission.BLUETOOTH_ADMIN, android.permission.INTERNET], applicationClassName=null, libraryProject=false, debugabble=false, minSdkVersion=18, maxSdkVersion=-1, targetSdkVersion=18]
02:52:39.792 [Worker-27] INFO  o.a.r.ProjectRClassFinder:50 - Found project R class: kr.kau.kjw.estimote_home.R
02:52:39.795 [Worker-27] INFO  o.a.r.AndroidRClassFinder:44 - Found Android class: android.R
02:52:39.804 [Worker-27] INFO  o.a.p.ModelValidator:42 - Validating elements
02:52:39.806 [Worker-27] DEBUG o.a.p.ModelValidator:62 - Validating with EActivityHandler: [kr.kau.kjw.estimote_home.EstimoteActivity]
02:52:39.807 [Worker-27] DEBUG o.a.p.ModelValidator:62 - Validating with ViewByIdHandler: [fortuneTv, rangeTv]
02:52:39.809 [Worker-27] DEBUG o.a.p.ModelValidator:62 - Validating with AfterInjectHandler: [void afterInject() ]
02:52:39.811 [Worker-27] DEBUG o.a.p.ModelValidator:62 - Validating with AfterViewsHandler: [void afterViews() ]
02:52:39.813 [Worker-27] INFO  o.a.p.ModelProcessor:73 - Processing root elements
02:52:39.814 [Worker-27] DEBUG o.a.p.ModelProcessor:80 - Processing root elements EActivityHandler: [kr.kau.kjw.estimote_home.EstimoteActivity]
02:52:39.818 [Worker-27] INFO  o.a.p.ModelProcessor:104 - Processing enclosed elements
02:52:39.833 [Worker-27] INFO  o.a.AndroidAnnotationProcessor:251 - Number of files generated by AndroidAnnotations: 1
02:52:39.834 [Worker-27] INFO  o.a.g.ApiCodeGenerator:52 - Writting following API classes in project: []
02:52:39.836 [Worker-27] DEBUG o.a.g.SourceCodewriter:55 - Generating class: kr.kau.kjw.estimote_home.EstimoteActivity_
02:52:39.862 [Worker-27] INFO  o.a.p.TimeStats:81 - Time measurements: [Whole Processing = 99 ms], [Generate Sources = 29 ms], [Process Annotations = 20 ms], [Extract Manifest = 15 ms], [Find R Classes = 12 ms], [Extract Annotations = 9 ms], [Validate Annotations = 9 ms], 
02:52:39.878 [Worker-27] INFO  o.a.AndroidAnnotationProcessor:123 - Finish processing
02:55:26.328 [Worker-32] INFO  o.a.AndroidAnnotationProcessor:85 - Initialize AndroidAnnotations 3.0.1 with options {phase=BUILD}
02:55:26.330 [Worker-32] INFO  o.a.AndroidAnnotationProcessor:109 - Start processing for 4 annotations on 1 elements
02:55:26.341 [Worker-32] DEBUG o.a.h.AndroidManifestFinder:137 - AndroidManifest.xml file found in parent folder C:\Users\Jaewook\Desktop\My\프로젝트\진행중\KJW_EstimoteHome\Estimote_Home: C:\Users\Jaewook\Desktop\My\프로젝트\진행중\KJW_EstimoteHome\Estimote_Home\AndroidManifest.xml
02:55:26.346 [Worker-32] INFO  o.a.AndroidAnnotationProcessor:172 - AndroidManifest.xml found: AndroidManifest [applicationPackage=kr.kau.kjw.estimote_home, componentQualifiedNames=[kr.kau.kjw.estimote_home.EstimoteActivity_, com.estimote.sdk.service.BeaconService], permissionQualifiedNames=[android.permission.BLUETOOTH, android.permission.BLUETOOTH_ADMIN, android.permission.INTERNET], applicationClassName=null, libraryProject=false, debugabble=false, minSdkVersion=18, maxSdkVersion=-1, targetSdkVersion=18]
02:55:26.361 [Worker-32] INFO  o.a.r.ProjectRClassFinder:50 - Found project R class: kr.kau.kjw.estimote_home.R
02:55:26.364 [Worker-32] INFO  o.a.r.AndroidRClassFinder:44 - Found Android class: android.R
02:55:26.373 [Worker-32] INFO  o.a.p.ModelValidator:42 - Validating elements
02:55:26.375 [Worker-32] DEBUG o.a.p.ModelValidator:62 - Validating with EActivityHandler: [kr.kau.kjw.estimote_home.EstimoteActivity]
02:55:26.387 [Worker-32] DEBUG o.a.p.ModelValidator:62 - Validating with ViewByIdHandler: [rangeTv, fortuneTv]
02:55:26.389 [Worker-32] DEBUG o.a.p.ModelValidator:62 - Validating with AfterInjectHandler: [void afterInject() ]
02:55:26.424 [Worker-32] DEBUG o.a.p.ModelValidator:62 - Validating with AfterViewsHandler: [void afterViews() ]
02:55:26.426 [Worker-32] INFO  o.a.p.ModelProcessor:73 - Processing root elements
02:55:26.448 [Worker-32] DEBUG o.a.p.ModelProcessor:80 - Processing root elements EActivityHandler: [kr.kau.kjw.estimote_home.EstimoteActivity]
02:55:26.452 [Worker-32] INFO  o.a.p.ModelProcessor:104 - Processing enclosed elements
02:55:26.454 [Worker-32] INFO  o.a.AndroidAnnotationProcessor:251 - Number of files generated by AndroidAnnotations: 1
02:55:26.455 [Worker-32] INFO  o.a.g.ApiCodeGenerator:52 - Writting following API classes in project: []
02:55:26.479 [Worker-32] DEBUG o.a.g.SourceCodewriter:55 - Generating class: kr.kau.kjw.estimote_home.EstimoteActivity_
02:55:26.606 [Worker-32] INFO  o.a.p.TimeStats:81 - Time measurements: [Whole Processing = 276 ms], [Generate Sources = 152 ms], [Validate Annotations = 53 ms], [Process Annotations = 28 ms], [Find R Classes = 12 ms], [Extract Annotations = 10 ms], [Extract Manifest = 5 ms], 
02:55:26.608 [Worker-32] INFO  o.a.AndroidAnnotationProcessor:123 - Finish processing
03:00:11.270 [Worker-36] INFO  o.a.AndroidAnnotationProcessor:85 - Initialize AndroidAnnotations 3.0.1 with options {phase=BUILD}
03:00:11.273 [Worker-36] INFO  o.a.AndroidAnnotationProcessor:109 - Start processing for 4 annotations on 1 elements
03:00:11.284 [Worker-36] DEBUG o.a.h.AndroidManifestFinder:137 - AndroidManifest.xml file found in parent folder C:\Users\Jaewook\Desktop\My\프로젝트\진행중\KJW_EstimoteHome\Estimote_Home: C:\Users\Jaewook\Desktop\My\프로젝트\진행중\KJW_EstimoteHome\Estimote_Home\AndroidManifest.xml
03:00:11.457 [Worker-36] INFO  o.a.AndroidAnnotationProcessor:172 - AndroidManifest.xml found: AndroidManifest [applicationPackage=kr.kau.kjw.estimote_home, componentQualifiedNames=[kr.kau.kjw.estimote_home.EstimoteActivity_, com.estimote.sdk.service.BeaconService], permissionQualifiedNames=[android.permission.BLUETOOTH, android.permission.BLUETOOTH_ADMIN, android.permission.INTERNET], applicationClassName=null, libraryProject=false, debugabble=false, minSdkVersion=18, maxSdkVersion=-1, targetSdkVersion=18]
03:00:11.668 [Worker-36] INFO  o.a.r.ProjectRClassFinder:50 - Found project R class: kr.kau.kjw.estimote_home.R
03:00:12.69 [Worker-36] INFO  o.a.r.AndroidRClassFinder:44 - Found Android class: android.R
03:00:12.182 [Worker-36] INFO  o.a.p.ModelValidator:42 - Validating elements
03:00:12.185 [Worker-36] DEBUG o.a.p.ModelValidator:62 - Validating with EActivityHandler: [kr.kau.kjw.estimote_home.EstimoteActivity]
03:00:12.187 [Worker-36] DEBUG o.a.p.ModelValidator:62 - Validating with ViewByIdHandler: [rangeTv, fortuneTv]
03:00:12.189 [Worker-36] DEBUG o.a.p.ModelValidator:62 - Validating with AfterInjectHandler: [void afterInject() ]
03:00:12.191 [Worker-36] DEBUG o.a.p.ModelValidator:62 - Validating with AfterViewsHandler: [void afterViews() ]
03:00:12.194 [Worker-36] INFO  o.a.p.ModelProcessor:73 - Processing root elements
03:00:12.196 [Worker-36] DEBUG o.a.p.ModelProcessor:80 - Processing root elements EActivityHandler: [kr.kau.kjw.estimote_home.EstimoteActivity]
03:00:12.258 [Worker-36] INFO  o.a.p.ModelProcessor:104 - Processing enclosed elements
03:00:12.400 [Worker-36] INFO  o.a.AndroidAnnotationProcessor:251 - Number of files generated by AndroidAnnotations: 1
03:00:12.404 [Worker-36] INFO  o.a.g.ApiCodeGenerator:52 - Writting following API classes in project: []
03:00:12.407 [Worker-36] DEBUG o.a.g.SourceCodewriter:55 - Generating class: kr.kau.kjw.estimote_home.EstimoteActivity_
03:00:12.418 [Worker-36] INFO  o.a.p.TimeStats:81 - Time measurements: [Whole Processing = 1145 ms], [Find R Classes = 514 ms], [Process Annotations = 207 ms], [Extract Manifest = 174 ms], [Generate Sources = 18 ms], [Validate Annotations = 11 ms], [Extract Annotations = 9 ms], 
03:00:12.486 [Worker-36] INFO  o.a.AndroidAnnotationProcessor:123 - Finish processing
03:02:46.602 [Worker-31] INFO  o.a.AndroidAnnotationProcessor:85 - Initialize AndroidAnnotations 3.0.1 with options {phase=BUILD}
03:02:46.605 [Worker-31] INFO  o.a.AndroidAnnotationProcessor:109 - Start processing for 4 annotations on 1 elements
03:02:46.615 [Worker-31] DEBUG o.a.h.AndroidManifestFinder:137 - AndroidManifest.xml file found in parent folder C:\Users\Jaewook\Desktop\My\프로젝트\진행중\KJW_EstimoteHome\Estimote_Home: C:\Users\Jaewook\Desktop\My\프로젝트\진행중\KJW_EstimoteHome\Estimote_Home\AndroidManifest.xml
03:02:46.619 [Worker-31] INFO  o.a.AndroidAnnotationProcessor:172 - AndroidManifest.xml found: AndroidManifest [applicationPackage=kr.kau.kjw.estimote_home, componentQualifiedNames=[kr.kau.kjw.estimote_home.EstimoteActivity_, com.estimote.sdk.service.BeaconService], permissionQualifiedNames=[android.permission.BLUETOOTH, android.permission.BLUETOOTH_ADMIN, android.permission.INTERNET], applicationClassName=null, libraryProject=false, debugabble=false, minSdkVersion=18, maxSdkVersion=-1, targetSdkVersion=18]
03:02:46.622 [Worker-31] INFO  o.a.r.ProjectRClassFinder:50 - Found project R class: kr.kau.kjw.estimote_home.R
03:02:46.625 [Worker-31] INFO  o.a.r.AndroidRClassFinder:44 - Found Android class: android.R
03:02:46.630 [Worker-31] INFO  o.a.p.ModelValidator:42 - Validating elements
03:02:46.851 [Worker-31] DEBUG o.a.p.ModelValidator:62 - Validating with EActivityHandler: [kr.kau.kjw.estimote_home.EstimoteActivity]
03:02:46.855 [Worker-31] DEBUG o.a.p.ModelValidator:62 - Validating with ViewByIdHandler: [rangeTv, fortuneTv]
03:02:46.859 [Worker-31] DEBUG o.a.p.ModelValidator:62 - Validating with AfterInjectHandler: [void afterInject() ]
03:02:46.862 [Worker-31] DEBUG o.a.p.ModelValidator:62 - Validating with AfterViewsHandler: [void afterViews() ]
03:02:46.866 [Worker-31] INFO  o.a.p.ModelProcessor:73 - Processing root elements
03:02:46.869 [Worker-31] DEBUG o.a.p.ModelProcessor:80 - Processing root elements EActivityHandler: [kr.kau.kjw.estimote_home.EstimoteActivity]
03:02:46.875 [Worker-31] INFO  o.a.p.ModelProcessor:104 - Processing enclosed elements
03:02:46.877 [Worker-31] INFO  o.a.AndroidAnnotationProcessor:251 - Number of files generated by AndroidAnnotations: 1
03:02:46.879 [Worker-31] INFO  o.a.g.ApiCodeGenerator:52 - Writting following API classes in project: []
03:02:46.881 [Worker-31] DEBUG o.a.g.SourceCodewriter:55 - Generating class: kr.kau.kjw.estimote_home.EstimoteActivity_
03:02:46.886 [Worker-31] INFO  o.a.p.TimeStats:81 - Time measurements: [Whole Processing = 280 ms], [Validate Annotations = 235 ms], [Process Annotations = 12 ms], [Extract Annotations = 9 ms], [Find R Classes = 8 ms], [Generate Sources = 8 ms], [Extract Manifest = 4 ms], 
03:02:46.887 [Worker-31] INFO  o.a.AndroidAnnotationProcessor:123 - Finish processing
03:03:43.516 [Worker-34] INFO  o.a.AndroidAnnotationProcessor:85 - Initialize AndroidAnnotations 3.0.1 with options {phase=BUILD}
03:03:43.519 [Worker-34] INFO  o.a.AndroidAnnotationProcessor:109 - Start processing for 4 annotations on 1 elements
03:03:43.532 [Worker-34] DEBUG o.a.h.AndroidManifestFinder:137 - AndroidManifest.xml file found in parent folder C:\Users\Jaewook\Desktop\My\프로젝트\진행중\KJW_EstimoteHome\Estimote_Home: C:\Users\Jaewook\Desktop\My\프로젝트\진행중\KJW_EstimoteHome\Estimote_Home\AndroidManifest.xml
03:03:43.536 [Worker-34] INFO  o.a.AndroidAnnotationProcessor:172 - AndroidManifest.xml found: AndroidManifest [applicationPackage=kr.kau.kjw.estimote_home, componentQualifiedNames=[kr.kau.kjw.estimote_home.EstimoteActivity_, com.estimote.sdk.service.BeaconService], permissionQualifiedNames=[android.permission.BLUETOOTH, android.permission.BLUETOOTH_ADMIN, android.permission.INTERNET], applicationClassName=null, libraryProject=false, debugabble=false, minSdkVersion=18, maxSdkVersion=-1, targetSdkVersion=18]
03:03:43.552 [Worker-34] INFO  o.a.r.ProjectRClassFinder:50 - Found project R class: kr.kau.kjw.estimote_home.R
03:03:43.555 [Worker-34] INFO  o.a.r.AndroidRClassFinder:44 - Found Android class: android.R
03:03:43.574 [Worker-34] INFO  o.a.p.ModelValidator:42 - Validating elements
03:03:43.576 [Worker-34] DEBUG o.a.p.ModelValidator:62 - Validating with EActivityHandler: [kr.kau.kjw.estimote_home.EstimoteActivity]
03:03:43.578 [Worker-34] DEBUG o.a.p.ModelValidator:62 - Validating with ViewByIdHandler: [rangeTv, fortuneTv]
03:03:43.581 [Worker-34] DEBUG o.a.p.ModelValidator:62 - Validating with AfterInjectHandler: [void afterInject() ]
03:03:43.583 [Worker-34] DEBUG o.a.p.ModelValidator:62 - Validating with AfterViewsHandler: [void afterViews() ]
03:03:43.584 [Worker-34] INFO  o.a.p.ModelProcessor:73 - Processing root elements
03:03:43.586 [Worker-34] DEBUG o.a.p.ModelProcessor:80 - Processing root elements EActivityHandler: [kr.kau.kjw.estimote_home.EstimoteActivity]
03:03:43.626 [Worker-34] INFO  o.a.p.ModelProcessor:104 - Processing enclosed elements
03:03:43.644 [Worker-34] INFO  o.a.AndroidAnnotationProcessor:251 - Number of files generated by AndroidAnnotations: 1
03:03:43.648 [Worker-34] INFO  o.a.g.ApiCodeGenerator:52 - Writting following API classes in project: []
03:03:43.652 [Worker-34] DEBUG o.a.g.SourceCodewriter:55 - Generating class: kr.kau.kjw.estimote_home.EstimoteActivity_
03:03:43.704 [Worker-34] INFO  o.a.p.TimeStats:81 - Time measurements: [Whole Processing = 185 ms], [Process Annotations = 60 ms], [Generate Sources = 60 ms], [Find R Classes = 22 ms], [Extract Annotations = 10 ms], [Validate Annotations = 10 ms], [Extract Manifest = 5 ms], 
03:03:43.726 [Worker-34] INFO  o.a.AndroidAnnotationProcessor:123 - Finish processing
03:04:42.480 [Worker-34] INFO  o.a.AndroidAnnotationProcessor:85 - Initialize AndroidAnnotations 3.0.1 with options {phase=BUILD}
03:04:42.483 [Worker-34] INFO  o.a.AndroidAnnotationProcessor:109 - Start processing for 4 annotations on 1 elements
03:04:42.497 [Worker-34] DEBUG o.a.h.AndroidManifestFinder:137 - AndroidManifest.xml file found in parent folder C:\Users\Jaewook\Desktop\My\프로젝트\진행중\KJW_EstimoteHome\Estimote_Home: C:\Users\Jaewook\Desktop\My\프로젝트\진행중\KJW_EstimoteHome\Estimote_Home\AndroidManifest.xml
03:04:42.502 [Worker-34] INFO  o.a.AndroidAnnotationProcessor:172 - AndroidManifest.xml found: AndroidManifest [applicationPackage=kr.kau.kjw.estimote_home, componentQualifiedNames=[kr.kau.kjw.estimote_home.EstimoteActivity_, com.estimote.sdk.service.BeaconService], permissionQualifiedNames=[android.permission.BLUETOOTH, android.permission.BLUETOOTH_ADMIN, android.permission.INTERNET], applicationClassName=null, libraryProject=false, debugabble=false, minSdkVersion=18, maxSdkVersion=-1, targetSdkVersion=18]
03:04:42.503 [Worker-34] INFO  o.a.r.ProjectRClassFinder:50 - Found project R class: kr.kau.kjw.estimote_home.R
03:04:42.524 [Worker-34] INFO  o.a.r.AndroidRClassFinder:44 - Found Android class: android.R
03:04:42.530 [Worker-34] INFO  o.a.p.ModelValidator:42 - Validating elements
03:04:42.532 [Worker-34] DEBUG o.a.p.ModelValidator:62 - Validating with EActivityHandler: [kr.kau.kjw.estimote_home.EstimoteActivity]
03:04:42.534 [Worker-34] DEBUG o.a.p.ModelValidator:62 - Validating with ViewByIdHandler: [fortuneTv, rangeTv]
03:04:42.536 [Worker-34] DEBUG o.a.p.ModelValidator:62 - Validating with AfterInjectHandler: [void afterInject() ]
03:04:42.537 [Worker-34] DEBUG o.a.p.ModelValidator:62 - Validating with AfterViewsHandler: [void afterViews() ]
03:04:42.571 [Worker-34] INFO  o.a.p.ModelProcessor:73 - Processing root elements
03:04:42.573 [Worker-34] DEBUG o.a.p.ModelProcessor:80 - Processing root elements EActivityHandler: [kr.kau.kjw.estimote_home.EstimoteActivity]
03:04:42.578 [Worker-34] INFO  o.a.p.ModelProcessor:104 - Processing enclosed elements
03:04:42.580 [Worker-34] INFO  o.a.AndroidAnnotationProcessor:251 - Number of files generated by AndroidAnnotations: 1
03:04:42.581 [Worker-34] INFO  o.a.g.ApiCodeGenerator:52 - Writting following API classes in project: []
03:04:42.583 [Worker-34] DEBUG o.a.g.SourceCodewriter:55 - Generating class: kr.kau.kjw.estimote_home.EstimoteActivity_
03:04:42.588 [Worker-34] INFO  o.a.p.TimeStats:81 - Time measurements: [Whole Processing = 105 ms], [Validate Annotations = 41 ms], [Find R Classes = 27 ms], [Extract Annotations = 12 ms], [Process Annotations = 9 ms], [Generate Sources = 8 ms], [Extract Manifest = 5 ms], 
03:04:42.590 [Worker-34] INFO  o.a.AndroidAnnotationProcessor:123 - Finish processing
03:05:28.938 [Worker-35] INFO  o.a.AndroidAnnotationProcessor:85 - Initialize AndroidAnnotations 3.0.1 with options {phase=BUILD}
03:05:28.940 [Worker-35] INFO  o.a.AndroidAnnotationProcessor:109 - Start processing for 4 annotations on 1 elements
03:05:28.951 [Worker-35] DEBUG o.a.h.AndroidManifestFinder:137 - AndroidManifest.xml file found in parent folder C:\Users\Jaewook\Desktop\My\프로젝트\진행중\KJW_EstimoteHome\Estimote_Home: C:\Users\Jaewook\Desktop\My\프로젝트\진행중\KJW_EstimoteHome\Estimote_Home\AndroidManifest.xml
03:05:28.955 [Worker-35] INFO  o.a.AndroidAnnotationProcessor:172 - AndroidManifest.xml found: AndroidManifest [applicationPackage=kr.kau.kjw.estimote_home, componentQualifiedNames=[kr.kau.kjw.estimote_home.EstimoteActivity_, com.estimote.sdk.service.BeaconService], permissionQualifiedNames=[android.permission.BLUETOOTH, android.permission.BLUETOOTH_ADMIN, android.permission.INTERNET], applicationClassName=null, libraryProject=false, debugabble=false, minSdkVersion=18, maxSdkVersion=-1, targetSdkVersion=18]
03:05:28.957 [Worker-35] INFO  o.a.r.ProjectRClassFinder:50 - Found project R class: kr.kau.kjw.estimote_home.R
03:05:28.960 [Worker-35] INFO  o.a.r.AndroidRClassFinder:44 - Found Android class: android.R
03:05:28.967 [Worker-35] INFO  o.a.p.ModelValidator:42 - Validating elements
03:05:28.968 [Worker-35] DEBUG o.a.p.ModelValidator:62 - Validating with EActivityHandler: [kr.kau.kjw.estimote_home.EstimoteActivity]
03:05:28.970 [Worker-35] DEBUG o.a.p.ModelValidator:62 - Validating with ViewByIdHandler: [fortuneTv, rangeTv]
03:05:28.972 [Worker-35] DEBUG o.a.p.ModelValidator:62 - Validating with AfterInjectHandler: [void afterInject() ]
03:05:28.973 [Worker-35] DEBUG o.a.p.ModelValidator:62 - Validating with AfterViewsHandler: [void afterViews() ]
03:05:28.975 [Worker-35] INFO  o.a.p.ModelProcessor:73 - Processing root elements
03:05:28.976 [Worker-35] DEBUG o.a.p.ModelProcessor:80 - Processing root elements EActivityHandler: [kr.kau.kjw.estimote_home.EstimoteActivity]
03:05:28.980 [Worker-35] INFO  o.a.p.ModelProcessor:104 - Processing enclosed elements
03:05:28.982 [Worker-35] INFO  o.a.AndroidAnnotationProcessor:251 - Number of files generated by AndroidAnnotations: 1
03:05:29.93 [Worker-35] INFO  o.a.g.ApiCodeGenerator:52 - Writting following API classes in project: []
03:05:29.95 [Worker-35] DEBUG o.a.g.SourceCodewriter:55 - Generating class: kr.kau.kjw.estimote_home.EstimoteActivity_
03:05:29.163 [Worker-35] INFO  o.a.p.TimeStats:81 - Time measurements: [Whole Processing = 223 ms], [Generate Sources = 181 ms], [Find R Classes = 9 ms], [Extract Annotations = 8 ms], [Validate Annotations = 8 ms], [Process Annotations = 7 ms], [Extract Manifest = 5 ms], 
03:05:29.165 [Worker-35] INFO  o.a.AndroidAnnotationProcessor:123 - Finish processing
03:06:17.691 [Worker-10] INFO  o.a.AndroidAnnotationProcessor:85 - Initialize AndroidAnnotations 3.0.1 with options {phase=BUILD}
03:06:17.694 [Worker-10] INFO  o.a.AndroidAnnotationProcessor:109 - Start processing for 4 annotations on 1 elements
03:06:17.710 [Worker-10] DEBUG o.a.h.AndroidManifestFinder:137 - AndroidManifest.xml file found in parent folder C:\Users\Jaewook\Desktop\My\프로젝트\진행중\KJW_EstimoteHome\Estimote_Home: C:\Users\Jaewook\Desktop\My\프로젝트\진행중\KJW_EstimoteHome\Estimote_Home\AndroidManifest.xml
03:06:17.715 [Worker-10] INFO  o.a.AndroidAnnotationProcessor:172 - AndroidManifest.xml found: AndroidManifest [applicationPackage=kr.kau.kjw.estimote_home, componentQualifiedNames=[kr.kau.kjw.estimote_home.EstimoteActivity_, com.estimote.sdk.service.BeaconService], permissionQualifiedNames=[android.permission.BLUETOOTH, android.permission.BLUETOOTH_ADMIN, android.permission.INTERNET], applicationClassName=null, libraryProject=false, debugabble=false, minSdkVersion=18, maxSdkVersion=-1, targetSdkVersion=18]
03:06:17.717 [Worker-10] INFO  o.a.r.ProjectRClassFinder:50 - Found project R class: kr.kau.kjw.estimote_home.R
03:06:17.721 [Worker-10] INFO  o.a.r.AndroidRClassFinder:44 - Found Android class: android.R
03:06:17.728 [Worker-10] INFO  o.a.p.ModelValidator:42 - Validating elements
03:06:17.730 [Worker-10] DEBUG o.a.p.ModelValidator:62 - Validating with EActivityHandler: [kr.kau.kjw.estimote_home.EstimoteActivity]
03:06:17.732 [Worker-10] DEBUG o.a.p.ModelValidator:62 - Validating with ViewByIdHandler: [rangeTv, fortuneTv]
03:06:17.734 [Worker-10] DEBUG o.a.p.ModelValidator:62 - Validating with AfterInjectHandler: [void afterInject() ]
03:06:17.736 [Worker-10] DEBUG o.a.p.ModelValidator:62 - Validating with AfterViewsHandler: [void afterViews() ]
03:06:17.739 [Worker-10] INFO  o.a.p.ModelProcessor:73 - Processing root elements
03:06:17.741 [Worker-10] DEBUG o.a.p.ModelProcessor:80 - Processing root elements EActivityHandler: [kr.kau.kjw.estimote_home.EstimoteActivity]
03:06:17.769 [Worker-10] INFO  o.a.p.ModelProcessor:104 - Processing enclosed elements
03:06:17.771 [Worker-10] INFO  o.a.AndroidAnnotationProcessor:251 - Number of files generated by AndroidAnnotations: 1
03:06:17.773 [Worker-10] INFO  o.a.g.ApiCodeGenerator:52 - Writting following API classes in project: []
03:06:17.775 [Worker-10] DEBUG o.a.g.SourceCodewriter:55 - Generating class: kr.kau.kjw.estimote_home.EstimoteActivity_
03:06:17.808 [Worker-10] INFO  o.a.p.TimeStats:81 - Time measurements: [Whole Processing = 114 ms], [Generate Sources = 37 ms], [Process Annotations = 32 ms], [Extract Annotations = 13 ms], [Find R Classes = 11 ms], [Validate Annotations = 11 ms], [Extract Manifest = 6 ms], 
03:06:17.810 [Worker-10] INFO  o.a.AndroidAnnotationProcessor:123 - Finish processing
03:07:18.164 [Worker-37] INFO  o.a.AndroidAnnotationProcessor:85 - Initialize AndroidAnnotations 3.0.1 with options {phase=BUILD}
03:07:18.167 [Worker-37] INFO  o.a.AndroidAnnotationProcessor:109 - Start processing for 4 annotations on 1 elements
03:07:18.181 [Worker-37] DEBUG o.a.h.AndroidManifestFinder:137 - AndroidManifest.xml file found in parent folder C:\Users\Jaewook\Desktop\My\프로젝트\진행중\KJW_EstimoteHome\Estimote_Home: C:\Users\Jaewook\Desktop\My\프로젝트\진행중\KJW_EstimoteHome\Estimote_Home\AndroidManifest.xml
03:07:18.187 [Worker-37] INFO  o.a.AndroidAnnotationProcessor:172 - AndroidManifest.xml found: AndroidManifest [applicationPackage=kr.kau.kjw.estimote_home, componentQualifiedNames=[kr.kau.kjw.estimote_home.EstimoteActivity_, com.estimote.sdk.service.BeaconService], permissionQualifiedNames=[android.permission.BLUETOOTH, android.permission.BLUETOOTH_ADMIN, android.permission.INTERNET], applicationClassName=null, libraryProject=false, debugabble=false, minSdkVersion=18, maxSdkVersion=-1, targetSdkVersion=18]
03:07:18.189 [Worker-37] INFO  o.a.r.ProjectRClassFinder:50 - Found project R class: kr.kau.kjw.estimote_home.R
03:07:18.193 [Worker-37] INFO  o.a.r.AndroidRClassFinder:44 - Found Android class: android.R
03:07:18.199 [Worker-37] INFO  o.a.p.ModelValidator:42 - Validating elements
03:07:18.201 [Worker-37] DEBUG o.a.p.ModelValidator:62 - Validating with EActivityHandler: [kr.kau.kjw.estimote_home.EstimoteActivity]
03:07:18.203 [Worker-37] DEBUG o.a.p.ModelValidator:62 - Validating with ViewByIdHandler: [fortuneTv, rangeTv]
03:07:18.206 [Worker-37] DEBUG o.a.p.ModelValidator:62 - Validating with AfterInjectHandler: [void afterInject() ]
03:07:18.208 [Worker-37] DEBUG o.a.p.ModelValidator:62 - Validating with AfterViewsHandler: [void afterViews() ]
03:07:18.211 [Worker-37] INFO  o.a.p.ModelProcessor:73 - Processing root elements
03:07:18.213 [Worker-37] DEBUG o.a.p.ModelProcessor:80 - Processing root elements EActivityHandler: [kr.kau.kjw.estimote_home.EstimoteActivity]
03:07:18.218 [Worker-37] INFO  o.a.p.ModelProcessor:104 - Processing enclosed elements
03:07:18.221 [Worker-37] INFO  o.a.AndroidAnnotationProcessor:251 - Number of files generated by AndroidAnnotations: 1
03:07:18.240 [Worker-37] INFO  o.a.g.ApiCodeGenerator:52 - Writting following API classes in project: []
03:07:18.242 [Worker-37] DEBUG o.a.g.SourceCodewriter:55 - Generating class: kr.kau.kjw.estimote_home.EstimoteActivity_
03:07:18.283 [Worker-37] INFO  o.a.p.TimeStats:81 - Time measurements: [Whole Processing = 116 ms], [Generate Sources = 62 ms], [Extract Annotations = 11 ms], [Validate Annotations = 11 ms], [Process Annotations = 11 ms], [Find R Classes = 10 ms], [Extract Manifest = 7 ms], 
03:07:18.285 [Worker-37] INFO  o.a.AndroidAnnotationProcessor:123 - Finish processing
10:26:57.635 [Worker-51] INFO  o.a.AndroidAnnotationProcessor:85 - Initialize AndroidAnnotations 3.0.1 with options {phase=BUILD}
10:26:57.640 [Worker-51] INFO  o.a.AndroidAnnotationProcessor:109 - Start processing for 4 annotations on 1 elements
10:26:57.710 [Worker-51] DEBUG o.a.h.AndroidManifestFinder:137 - AndroidManifest.xml file found in parent folder C:\Users\Jaewook\Desktop\My\프로젝트\진행중\KJW_EstimoteHome\Estimote_Home: C:\Users\Jaewook\Desktop\My\프로젝트\진행중\KJW_EstimoteHome\Estimote_Home\AndroidManifest.xml
10:26:57.734 [Worker-51] INFO  o.a.AndroidAnnotationProcessor:172 - AndroidManifest.xml found: AndroidManifest [applicationPackage=kr.kau.kjw.estimote_home, componentQualifiedNames=[kr.kau.kjw.estimote_home.EstimoteActivity_, com.estimote.sdk.service.BeaconService], permissionQualifiedNames=[android.permission.BLUETOOTH, android.permission.BLUETOOTH_ADMIN, android.permission.INTERNET], applicationClassName=null, libraryProject=false, debugabble=false, minSdkVersion=18, maxSdkVersion=-1, targetSdkVersion=18]
10:26:57.736 [Worker-51] INFO  o.a.r.ProjectRClassFinder:50 - Found project R class: kr.kau.kjw.estimote_home.R
10:26:59.6 [Worker-51] INFO  o.a.r.AndroidRClassFinder:44 - Found Android class: android.R
10:26:59.84 [Worker-51] INFO  o.a.p.ModelValidator:42 - Validating elements
10:26:59.85 [Worker-51] DEBUG o.a.p.ModelValidator:62 - Validating with EActivityHandler: [kr.kau.kjw.estimote_home.EstimoteActivity]
10:26:59.87 [Worker-51] DEBUG o.a.p.ModelValidator:62 - Validating with ViewByIdHandler: [rangeTv, fortuneTv]
10:26:59.89 [Worker-51] DEBUG o.a.p.ModelValidator:62 - Validating with AfterInjectHandler: [void afterInject() ]
10:26:59.91 [Worker-51] DEBUG o.a.p.ModelValidator:62 - Validating with AfterViewsHandler: [void afterViews() ]
10:26:59.92 [Worker-51] INFO  o.a.p.ModelProcessor:73 - Processing root elements
10:26:59.94 [Worker-51] DEBUG o.a.p.ModelProcessor:80 - Processing root elements EActivityHandler: [kr.kau.kjw.estimote_home.EstimoteActivity]
10:26:59.112 [Worker-51] INFO  o.a.p.ModelProcessor:104 - Processing enclosed elements
10:26:59.116 [Worker-51] INFO  o.a.AndroidAnnotationProcessor:251 - Number of files generated by AndroidAnnotations: 1
10:26:59.118 [Worker-51] INFO  o.a.g.ApiCodeGenerator:52 - Writting following API classes in project: []
10:26:59.122 [Worker-51] DEBUG o.a.g.SourceCodewriter:55 - Generating class: kr.kau.kjw.estimote_home.EstimoteActivity_
10:26:59.166 [Worker-51] INFO  o.a.p.TimeStats:81 - Time measurements: [Whole Processing = 1526 ms], [Find R Classes = 1348 ms], [Extract Annotations = 66 ms], [Generate Sources = 50 ms], [Extract Manifest = 25 ms], [Process Annotations = 24 ms], [Validate Annotations = 8 ms], 
10:26:59.169 [Worker-51] INFO  o.a.AndroidAnnotationProcessor:123 - Finish processing
