02:03:39.390 [Worker-42] INFO  o.a.AndroidAnnotationProcessor:85 - Initialize AndroidAnnotations 3.0.1 with options {phase=BUILD}
02:03:39.593 [Worker-42] INFO  o.a.AndroidAnnotationProcessor:85 - Initialize AndroidAnnotations 3.0.1 with options {phase=BUILD}
02:03:52.969 [Worker-46] INFO  o.a.AndroidAnnotationProcessor:85 - Initialize AndroidAnnotations 3.0.1 with options {phase=BUILD}
02:04:55.144 [Worker-45] INFO  o.a.AndroidAnnotationProcessor:85 - Initialize AndroidAnnotations 3.0.1 with options {phase=BUILD}
02:05:05.285 [Worker-35] INFO  o.a.AndroidAnnotationProcessor:85 - Initialize AndroidAnnotations 3.0.1 with options {phase=BUILD}
02:09:09.54 [Worker-53] INFO  o.a.AndroidAnnotationProcessor:85 - Initialize AndroidAnnotations 3.0.1 with options {phase=BUILD}
02:09:09.85 [Worker-53] INFO  o.a.AndroidAnnotationProcessor:109 - Start processing for 2 annotations on 1 elements
02:09:09.132 [Worker-53] DEBUG o.a.h.AndroidManifestFinder:137 - AndroidManifest.xml file found in parent folder C:\Users\Jaewook\workspace-adt\Estimote_Home: C:\Users\Jaewook\workspace-adt\Estimote_Home\AndroidManifest.xml
02:09:09.148 [Worker-53] INFO  o.a.AndroidAnnotationProcessor:172 - AndroidManifest.xml found: AndroidManifest [applicationPackage=kr.kau.kjw.estimote_home, componentQualifiedNames=[kr.kau.kjw.estimote_home.EstimoteActivity_, com.estimote.sdk.service.BeaconService], permissionQualifiedNames=[android.permission.BLUETOOTH, android.permission.BLUETOOTH_ADMIN], applicationClassName=null, libraryProject=false, debugabble=false, minSdkVersion=18, maxSdkVersion=-1, targetSdkVersion=18]
02:09:09.148 [Worker-53] INFO  o.a.r.ProjectRClassFinder:50 - Found project R class: kr.kau.kjw.estimote_home.R
02:09:09.148 [Worker-53] INFO  o.a.r.AndroidRClassFinder:44 - Found Android class: android.R
02:09:09.195 [Worker-53] INFO  o.a.p.ModelValidator:42 - Validating elements
02:09:09.195 [Worker-53] DEBUG o.a.p.ModelValidator:62 - Validating with EActivityHandler: [kr.kau.kjw.estimote_home.EstimoteActivity]
02:09:09.242 [Worker-53] DEBUG o.a.p.ModelValidator:62 - Validating with AfterViewsHandler: [void init() ]
02:09:09.257 [Worker-53] INFO  o.a.p.ModelProcessor:73 - Processing root elements
02:09:09.257 [Worker-53] DEBUG o.a.p.ModelProcessor:80 - Processing root elements EActivityHandler: [kr.kau.kjw.estimote_home.EstimoteActivity]
02:09:09.304 [Worker-53] INFO  o.a.p.ModelProcessor:104 - Processing enclosed elements
02:09:09.304 [Worker-53] INFO  o.a.AndroidAnnotationProcessor:251 - Number of files generated by AndroidAnnotations: 1
02:09:09.320 [Worker-53] INFO  o.a.g.ApiCodeGenerator:52 - Writting following API classes in project: []
02:09:09.335 [Worker-53] DEBUG o.a.g.SourceCodewriter:55 - Generating class: kr.kau.kjw.estimote_home.EstimoteActivity_
02:09:09.413 [Worker-53] INFO  o.a.p.TimeStats:81 - Time measurements: [Whole Processing = 343 ms], [Generate Sources = 109 ms], [Process Annotations = 62 ms], [Extract Annotations = 47 ms], [Validate Annotations = 47 ms], [Find R Classes = 31 ms], [Extract Manifest = 16 ms], 
02:09:09.413 [Worker-53] INFO  o.a.AndroidAnnotationProcessor:123 - Finish processing
14:44:56.564 [Worker-8] INFO  o.a.AndroidAnnotationProcessor:85 - Initialize AndroidAnnotations 3.0.1 with options {phase=BUILD}
14:44:56.616 [Worker-8] INFO  o.a.AndroidAnnotationProcessor:109 - Start processing for 2 annotations on 4 elements
14:44:56.631 [Worker-8] DEBUG o.a.h.AndroidManifestFinder:137 - AndroidManifest.xml file found in parent folder C:\Users\kjw\workspace-adt\kjw\Etc\Estimote_Home: C:\Users\kjw\workspace-adt\kjw\Etc\Estimote_Home\AndroidManifest.xml
14:44:56.634 [Worker-8] INFO  o.a.AndroidAnnotationProcessor:172 - AndroidManifest.xml found: AndroidManifest [applicationPackage=kr.kau.kjw.estimote_home, componentQualifiedNames=[kr.kau.kjw.estimote_home.EstimoteActivity_, com.estimote.sdk.service.BeaconService], permissionQualifiedNames=[android.permission.BLUETOOTH, android.permission.BLUETOOTH_ADMIN], applicationClassName=null, libraryProject=false, debugabble=false, minSdkVersion=18, maxSdkVersion=-1, targetSdkVersion=18]
14:44:56.635 [Worker-8] INFO  o.a.r.ProjectRClassFinder:50 - Found project R class: kr.kau.kjw.estimote_home.R
14:44:56.637 [Worker-8] INFO  o.a.r.AndroidRClassFinder:44 - Found Android class: android.R
14:44:56.651 [Worker-8] INFO  o.a.p.ModelValidator:42 - Validating elements
14:44:56.651 [Worker-8] DEBUG o.a.p.ModelValidator:62 - Validating with EActivityHandler: [kr.kau.kjw.estimote_home.EstimoteActivity]
14:44:56.654 [Worker-8] DEBUG o.a.p.ModelValidator:62 - Validating with AfterViewsHandler: [void init() ]
14:44:56.665 [Worker-8] INFO  o.a.p.ModelProcessor:73 - Processing root elements
14:44:56.665 [Worker-8] DEBUG o.a.p.ModelProcessor:80 - Processing root elements EActivityHandler: [kr.kau.kjw.estimote_home.EstimoteActivity]
14:44:56.686 [Worker-8] INFO  o.a.p.ModelProcessor:104 - Processing enclosed elements
14:44:56.687 [Worker-8] DEBUG o.a.p.ModelProcessor:116 - Processing enclosed elements with AfterViewsHandler: [org.androidannotations.model.AnnotationElements$AnnotatedAndRootElements@1104cdcd]
14:44:56.688 [Worker-8] INFO  o.a.AndroidAnnotationProcessor:251 - Number of files generated by AndroidAnnotations: 1
14:44:56.691 [Worker-8] INFO  o.a.g.ApiCodeGenerator:52 - Writting following API classes in project: []
14:44:56.692 [Worker-8] DEBUG o.a.g.SourceCodewriter:55 - Generating class: kr.kau.kjw.estimote_home.EstimoteActivity_
14:44:56.724 [Worker-8] INFO  o.a.p.TimeStats:81 - Time measurements: [Whole Processing = 107 ms], [Generate Sources = 35 ms], [Process Annotations = 32 ms], [Extract Annotations = 14 ms], [Find R Classes = 10 ms], [Validate Annotations = 6 ms], [Extract Manifest = 4 ms], 
14:44:56.724 [Worker-8] INFO  o.a.AndroidAnnotationProcessor:123 - Finish processing
14:44:57.362 [Worker-8] INFO  o.a.AndroidAnnotationProcessor:85 - Initialize AndroidAnnotations 3.0.1 with options {phase=BUILD}
15:11:57.908 [Worker-20] INFO  o.a.AndroidAnnotationProcessor:85 - Initialize AndroidAnnotations 3.0.1 with options {phase=BUILD}
15:11:57.920 [Worker-20] INFO  o.a.AndroidAnnotationProcessor:109 - Start processing for 3 annotations on 1 elements
15:11:57.927 [Worker-20] DEBUG o.a.h.AndroidManifestFinder:137 - AndroidManifest.xml file found in parent folder C:\Users\kjw\workspace-adt\kjw\Etc\Estimote_Home: C:\Users\kjw\workspace-adt\kjw\Etc\Estimote_Home\AndroidManifest.xml
15:11:57.933 [Worker-20] INFO  o.a.AndroidAnnotationProcessor:172 - AndroidManifest.xml found: AndroidManifest [applicationPackage=kr.kau.kjw.estimote_home, componentQualifiedNames=[kr.kau.kjw.estimote_home.EstimoteActivity_, com.estimote.sdk.service.BeaconService], permissionQualifiedNames=[android.permission.BLUETOOTH, android.permission.BLUETOOTH_ADMIN], applicationClassName=null, libraryProject=false, debugabble=false, minSdkVersion=18, maxSdkVersion=-1, targetSdkVersion=18]
15:11:57.933 [Worker-20] INFO  o.a.r.ProjectRClassFinder:50 - Found project R class: kr.kau.kjw.estimote_home.R
15:11:57.934 [Worker-20] INFO  o.a.r.AndroidRClassFinder:44 - Found Android class: android.R
15:11:57.939 [Worker-20] INFO  o.a.p.ModelValidator:42 - Validating elements
15:11:57.940 [Worker-20] DEBUG o.a.p.ModelValidator:62 - Validating with EActivityHandler: [kr.kau.kjw.estimote_home.EstimoteActivity]
15:11:57.940 [Worker-20] DEBUG o.a.p.ModelValidator:62 - Validating with AfterInjectHandler: [void afterInject() ]
15:11:57.941 [Worker-20] DEBUG o.a.p.ModelValidator:62 - Validating with AfterViewsHandler: [void afterViews() ]
15:11:57.942 [Worker-20] INFO  o.a.p.ModelProcessor:73 - Processing root elements
15:11:57.942 [Worker-20] DEBUG o.a.p.ModelProcessor:80 - Processing root elements EActivityHandler: [kr.kau.kjw.estimote_home.EstimoteActivity]
15:11:57.944 [Worker-20] INFO  o.a.p.ModelProcessor:104 - Processing enclosed elements
15:11:57.944 [Worker-20] INFO  o.a.AndroidAnnotationProcessor:251 - Number of files generated by AndroidAnnotations: 1
15:11:57.945 [Worker-20] INFO  o.a.g.ApiCodeGenerator:52 - Writting following API classes in project: []
15:11:57.945 [Worker-20] DEBUG o.a.g.SourceCodewriter:55 - Generating class: kr.kau.kjw.estimote_home.EstimoteActivity_
15:11:57.962 [Worker-20] INFO  o.a.p.TimeStats:81 - Time measurements: [Whole Processing = 42 ms], [Generate Sources = 18 ms], [Extract Annotations = 7 ms], [Extract Manifest = 6 ms], [Find R Classes = 6 ms], [Process Annotations = 3 ms], [Validate Annotations = 2 ms], 
15:11:57.963 [Worker-20] INFO  o.a.AndroidAnnotationProcessor:123 - Finish processing
15:13:21.296 [Worker-16] INFO  o.a.AndroidAnnotationProcessor:85 - Initialize AndroidAnnotations 3.0.1 with options {phase=BUILD}
15:13:21.299 [Worker-16] INFO  o.a.AndroidAnnotationProcessor:109 - Start processing for 3 annotations on 1 elements
15:13:21.312 [Worker-16] DEBUG o.a.h.AndroidManifestFinder:137 - AndroidManifest.xml file found in parent folder C:\Users\kjw\workspace-adt\kjw\Etc\Estimote_Home: C:\Users\kjw\workspace-adt\kjw\Etc\Estimote_Home\AndroidManifest.xml
15:13:21.314 [Worker-16] INFO  o.a.AndroidAnnotationProcessor:172 - AndroidManifest.xml found: AndroidManifest [applicationPackage=kr.kau.kjw.estimote_home, componentQualifiedNames=[kr.kau.kjw.estimote_home.EstimoteActivity_, com.estimote.sdk.service.BeaconService], permissionQualifiedNames=[android.permission.BLUETOOTH, android.permission.BLUETOOTH_ADMIN], applicationClassName=null, libraryProject=false, debugabble=false, minSdkVersion=18, maxSdkVersion=-1, targetSdkVersion=18]
15:13:21.314 [Worker-16] INFO  o.a.r.ProjectRClassFinder:50 - Found project R class: kr.kau.kjw.estimote_home.R
15:13:21.315 [Worker-16] INFO  o.a.r.AndroidRClassFinder:44 - Found Android class: android.R
15:13:21.319 [Worker-16] INFO  o.a.p.ModelValidator:42 - Validating elements
15:13:21.320 [Worker-16] DEBUG o.a.p.ModelValidator:62 - Validating with EActivityHandler: [kr.kau.kjw.estimote_home.EstimoteActivity]
15:13:21.321 [Worker-16] DEBUG o.a.p.ModelValidator:62 - Validating with AfterInjectHandler: [void afterInject() ]
15:13:21.321 [Worker-16] DEBUG o.a.p.ModelValidator:62 - Validating with AfterViewsHandler: [void afterViews() ]
15:13:21.321 [Worker-16] INFO  o.a.p.ModelProcessor:73 - Processing root elements
15:13:21.322 [Worker-16] DEBUG o.a.p.ModelProcessor:80 - Processing root elements EActivityHandler: [kr.kau.kjw.estimote_home.EstimoteActivity]
15:13:21.323 [Worker-16] INFO  o.a.p.ModelProcessor:104 - Processing enclosed elements
15:13:21.324 [Worker-16] INFO  o.a.AndroidAnnotationProcessor:251 - Number of files generated by AndroidAnnotations: 1
15:13:21.324 [Worker-16] INFO  o.a.g.ApiCodeGenerator:52 - Writting following API classes in project: []
15:13:21.324 [Worker-16] DEBUG o.a.g.SourceCodewriter:55 - Generating class: kr.kau.kjw.estimote_home.EstimoteActivity_
15:13:21.326 [Worker-16] INFO  o.a.p.TimeStats:81 - Time measurements: [Whole Processing = 27 ms], [Extract Annotations = 12 ms], [Find R Classes = 5 ms], [Extract Manifest = 3 ms], [Process Annotations = 3 ms], [Validate Annotations = 2 ms], [Generate Sources = 2 ms], 
15:13:21.327 [Worker-16] INFO  o.a.AndroidAnnotationProcessor:123 - Finish processing
15:21:39.894 [Worker-24] INFO  o.a.AndroidAnnotationProcessor:85 - Initialize AndroidAnnotations 3.0.1 with options {phase=BUILD}
15:21:39.896 [Worker-24] INFO  o.a.AndroidAnnotationProcessor:109 - Start processing for 3 annotations on 2 elements
15:21:39.904 [Worker-24] DEBUG o.a.h.AndroidManifestFinder:137 - AndroidManifest.xml file found in parent folder C:\Users\kjw\workspace-adt\kjw\Etc\Estimote_Home: C:\Users\kjw\workspace-adt\kjw\Etc\Estimote_Home\AndroidManifest.xml
15:21:39.906 [Worker-24] INFO  o.a.AndroidAnnotationProcessor:172 - AndroidManifest.xml found: AndroidManifest [applicationPackage=kr.kau.kjw.estimote_home, componentQualifiedNames=[kr.kau.kjw.estimote_home.EstimoteActivity_, com.estimote.sdk.service.BeaconService], permissionQualifiedNames=[android.permission.BLUETOOTH, android.permission.BLUETOOTH_ADMIN], applicationClassName=null, libraryProject=false, debugabble=false, minSdkVersion=18, maxSdkVersion=-1, targetSdkVersion=18]
15:21:39.907 [Worker-24] INFO  o.a.r.ProjectRClassFinder:50 - Found project R class: kr.kau.kjw.estimote_home.R
15:21:39.907 [Worker-24] INFO  o.a.r.AndroidRClassFinder:44 - Found Android class: android.R
15:21:39.912 [Worker-24] INFO  o.a.p.ModelValidator:42 - Validating elements
15:21:39.912 [Worker-24] DEBUG o.a.p.ModelValidator:62 - Validating with EActivityHandler: [kr.kau.kjw.estimote_home.EstimoteActivity]
15:21:39.913 [Worker-24] DEBUG o.a.p.ModelValidator:62 - Validating with AfterInjectHandler: [void afterInject() ]
15:21:39.914 [Worker-24] DEBUG o.a.p.ModelValidator:62 - Validating with AfterViewsHandler: [void afterViews() ]
15:21:39.914 [Worker-24] INFO  o.a.p.ModelProcessor:73 - Processing root elements
15:21:39.914 [Worker-24] DEBUG o.a.p.ModelProcessor:80 - Processing root elements EActivityHandler: [kr.kau.kjw.estimote_home.EstimoteActivity]
15:21:39.916 [Worker-24] INFO  o.a.p.ModelProcessor:104 - Processing enclosed elements
15:21:39.917 [Worker-24] INFO  o.a.AndroidAnnotationProcessor:251 - Number of files generated by AndroidAnnotations: 1
15:21:39.917 [Worker-24] INFO  o.a.g.ApiCodeGenerator:52 - Writting following API classes in project: []
15:21:39.917 [Worker-24] DEBUG o.a.g.SourceCodewriter:55 - Generating class: kr.kau.kjw.estimote_home.EstimoteActivity_
15:21:39.921 [Worker-24] INFO  o.a.p.TimeStats:81 - Time measurements: [Whole Processing = 25 ms], [Extract Annotations = 6 ms], [Find R Classes = 5 ms], [Generate Sources = 4 ms], [Extract Manifest = 3 ms], [Process Annotations = 3 ms], [Validate Annotations = 2 ms], 
15:21:39.924 [Worker-24] INFO  o.a.AndroidAnnotationProcessor:123 - Finish processing
15:22:47.648 [Worker-21] INFO  o.a.AndroidAnnotationProcessor:85 - Initialize AndroidAnnotations 3.0.1 with options {phase=BUILD}
15:22:47.664 [Worker-21] INFO  o.a.AndroidAnnotationProcessor:109 - Start processing for 3 annotations on 2 elements
15:22:47.671 [Worker-21] DEBUG o.a.h.AndroidManifestFinder:137 - AndroidManifest.xml file found in parent folder C:\Users\kjw\workspace-adt\kjw\Etc\Estimote_Home: C:\Users\kjw\workspace-adt\kjw\Etc\Estimote_Home\AndroidManifest.xml
15:22:47.672 [Worker-21] INFO  o.a.AndroidAnnotationProcessor:172 - AndroidManifest.xml found: AndroidManifest [applicationPackage=kr.kau.kjw.estimote_home, componentQualifiedNames=[kr.kau.kjw.estimote_home.EstimoteActivity_, com.estimote.sdk.service.BeaconService], permissionQualifiedNames=[android.permission.BLUETOOTH, android.permission.BLUETOOTH_ADMIN], applicationClassName=null, libraryProject=false, debugabble=false, minSdkVersion=18, maxSdkVersion=-1, targetSdkVersion=18]
15:22:47.673 [Worker-21] INFO  o.a.r.ProjectRClassFinder:50 - Found project R class: kr.kau.kjw.estimote_home.R
15:22:47.673 [Worker-21] INFO  o.a.r.AndroidRClassFinder:44 - Found Android class: android.R
15:22:47.678 [Worker-21] INFO  o.a.p.ModelValidator:42 - Validating elements
15:22:47.678 [Worker-21] DEBUG o.a.p.ModelValidator:62 - Validating with EActivityHandler: [kr.kau.kjw.estimote_home.EstimoteActivity]
15:22:47.679 [Worker-21] DEBUG o.a.p.ModelValidator:62 - Validating with AfterInjectHandler: [void afterInject() ]
15:22:47.679 [Worker-21] DEBUG o.a.p.ModelValidator:62 - Validating with AfterViewsHandler: [void afterViews() ]
15:22:47.679 [Worker-21] INFO  o.a.p.ModelProcessor:73 - Processing root elements
15:22:47.680 [Worker-21] DEBUG o.a.p.ModelProcessor:80 - Processing root elements EActivityHandler: [kr.kau.kjw.estimote_home.EstimoteActivity]
15:22:47.682 [Worker-21] INFO  o.a.p.ModelProcessor:104 - Processing enclosed elements
15:22:47.682 [Worker-21] DEBUG o.a.p.ModelProcessor:116 - Processing enclosed elements with AfterInjectHandler: [org.androidannotations.model.AnnotationElements$AnnotatedAndRootElements@5583c9b8]
15:22:47.682 [Worker-21] DEBUG o.a.p.ModelProcessor:116 - Processing enclosed elements with AfterViewsHandler: [org.androidannotations.model.AnnotationElements$AnnotatedAndRootElements@2e2a552a]
15:22:47.683 [Worker-21] INFO  o.a.AndroidAnnotationProcessor:251 - Number of files generated by AndroidAnnotations: 1
15:22:47.683 [Worker-21] INFO  o.a.g.ApiCodeGenerator:52 - Writting following API classes in project: []
15:22:47.683 [Worker-21] DEBUG o.a.g.SourceCodewriter:55 - Generating class: kr.kau.kjw.estimote_home.EstimoteActivity_
15:22:47.685 [Worker-21] INFO  o.a.p.TimeStats:81 - Time measurements: [Whole Processing = 21 ms], [Extract Annotations = 7 ms], [Find R Classes = 4 ms], [Process Annotations = 4 ms], [Generate Sources = 2 ms], [Extract Manifest = 1 ms], [Validate Annotations = 1 ms], 
15:22:47.686 [Worker-21] INFO  o.a.AndroidAnnotationProcessor:123 - Finish processing
15:23:36.193 [Worker-29] INFO  o.a.AndroidAnnotationProcessor:85 - Initialize AndroidAnnotations 3.0.1 with options {phase=BUILD}
15:23:36.194 [Worker-29] INFO  o.a.AndroidAnnotationProcessor:109 - Start processing for 4 annotations on 1 elements
15:23:36.201 [Worker-29] DEBUG o.a.h.AndroidManifestFinder:137 - AndroidManifest.xml file found in parent folder C:\Users\kjw\workspace-adt\kjw\Etc\Estimote_Home: C:\Users\kjw\workspace-adt\kjw\Etc\Estimote_Home\AndroidManifest.xml
15:23:36.203 [Worker-29] INFO  o.a.AndroidAnnotationProcessor:172 - AndroidManifest.xml found: AndroidManifest [applicationPackage=kr.kau.kjw.estimote_home, componentQualifiedNames=[kr.kau.kjw.estimote_home.EstimoteActivity_, com.estimote.sdk.service.BeaconService], permissionQualifiedNames=[android.permission.BLUETOOTH, android.permission.BLUETOOTH_ADMIN], applicationClassName=null, libraryProject=false, debugabble=false, minSdkVersion=18, maxSdkVersion=-1, targetSdkVersion=18]
15:23:36.204 [Worker-29] INFO  o.a.r.ProjectRClassFinder:50 - Found project R class: kr.kau.kjw.estimote_home.R
15:23:36.205 [Worker-29] INFO  o.a.r.AndroidRClassFinder:44 - Found Android class: android.R
15:23:36.208 [Worker-29] INFO  o.a.p.ModelValidator:42 - Validating elements
15:23:36.210 [Worker-29] DEBUG o.a.p.ModelValidator:62 - Validating with EActivityHandler: [kr.kau.kjw.estimote_home.EstimoteActivity]
15:23:36.210 [Worker-29] DEBUG o.a.p.ModelValidator:62 - Validating with ViewByIdHandler: [rangeTv]
15:23:36.212 [Worker-29] DEBUG o.a.p.ModelValidator:62 - Validating with AfterInjectHandler: [void afterInject() ]
15:23:36.213 [Worker-29] DEBUG o.a.p.ModelValidator:62 - Validating with AfterViewsHandler: [void afterViews() ]
15:23:36.214 [Worker-29] INFO  o.a.p.ModelProcessor:73 - Processing root elements
15:23:36.214 [Worker-29] DEBUG o.a.p.ModelProcessor:80 - Processing root elements EActivityHandler: [kr.kau.kjw.estimote_home.EstimoteActivity]
15:23:36.216 [Worker-29] INFO  o.a.p.ModelProcessor:104 - Processing enclosed elements
15:23:36.217 [Worker-29] INFO  o.a.AndroidAnnotationProcessor:251 - Number of files generated by AndroidAnnotations: 1
15:23:36.218 [Worker-29] INFO  o.a.g.ApiCodeGenerator:52 - Writting following API classes in project: []
15:23:36.218 [Worker-29] DEBUG o.a.g.SourceCodewriter:55 - Generating class: kr.kau.kjw.estimote_home.EstimoteActivity_
15:23:36.225 [Worker-29] INFO  o.a.p.TimeStats:81 - Time measurements: [Whole Processing = 31 ms], [Generate Sources = 8 ms], [Extract Annotations = 6 ms], [Validate Annotations = 6 ms], [Find R Classes = 4 ms], [Process Annotations = 3 ms], [Extract Manifest = 2 ms], 
15:23:36.226 [Worker-29] INFO  o.a.AndroidAnnotationProcessor:123 - Finish processing
15:29:31.127 [Worker-32] INFO  o.a.AndroidAnnotationProcessor:85 - Initialize AndroidAnnotations 3.0.1 with options {phase=BUILD}
15:29:31.128 [Worker-32] INFO  o.a.AndroidAnnotationProcessor:109 - Start processing for 4 annotations on 1 elements
15:29:31.135 [Worker-32] DEBUG o.a.h.AndroidManifestFinder:137 - AndroidManifest.xml file found in parent folder C:\Users\kjw\workspace-adt\kjw\Etc\Estimote_Home: C:\Users\kjw\workspace-adt\kjw\Etc\Estimote_Home\AndroidManifest.xml
15:29:31.136 [Worker-32] INFO  o.a.AndroidAnnotationProcessor:172 - AndroidManifest.xml found: AndroidManifest [applicationPackage=kr.kau.kjw.estimote_home, componentQualifiedNames=[kr.kau.kjw.estimote_home.EstimoteActivity_, com.estimote.sdk.service.BeaconService], permissionQualifiedNames=[android.permission.BLUETOOTH, android.permission.BLUETOOTH_ADMIN], applicationClassName=null, libraryProject=false, debugabble=false, minSdkVersion=18, maxSdkVersion=-1, targetSdkVersion=18]
15:29:31.137 [Worker-32] INFO  o.a.r.ProjectRClassFinder:50 - Found project R class: kr.kau.kjw.estimote_home.R
15:29:31.138 [Worker-32] INFO  o.a.r.AndroidRClassFinder:44 - Found Android class: android.R
15:29:31.141 [Worker-32] INFO  o.a.p.ModelValidator:42 - Validating elements
15:29:31.142 [Worker-32] DEBUG o.a.p.ModelValidator:62 - Validating with EActivityHandler: [kr.kau.kjw.estimote_home.EstimoteActivity]
15:29:31.142 [Worker-32] DEBUG o.a.p.ModelValidator:62 - Validating with ViewByIdHandler: [rangeTv]
15:29:31.143 [Worker-32] DEBUG o.a.p.ModelValidator:62 - Validating with AfterInjectHandler: [void afterInject() ]
15:29:31.143 [Worker-32] DEBUG o.a.p.ModelValidator:62 - Validating with AfterViewsHandler: [void afterViews() ]
15:29:31.144 [Worker-32] INFO  o.a.p.ModelProcessor:73 - Processing root elements
15:29:31.144 [Worker-32] DEBUG o.a.p.ModelProcessor:80 - Processing root elements EActivityHandler: [kr.kau.kjw.estimote_home.EstimoteActivity]
15:29:31.146 [Worker-32] INFO  o.a.p.ModelProcessor:104 - Processing enclosed elements
15:29:31.146 [Worker-32] INFO  o.a.AndroidAnnotationProcessor:251 - Number of files generated by AndroidAnnotations: 1
15:29:31.147 [Worker-32] INFO  o.a.g.ApiCodeGenerator:52 - Writting following API classes in project: []
15:29:31.147 [Worker-32] DEBUG o.a.g.SourceCodewriter:55 - Generating class: kr.kau.kjw.estimote_home.EstimoteActivity_
15:29:31.150 [Worker-32] INFO  o.a.p.TimeStats:81 - Time measurements: [Whole Processing = 22 ms], [Extract Annotations = 7 ms], [Find R Classes = 4 ms], [Generate Sources = 4 ms], [Validate Annotations = 3 ms], [Process Annotations = 2 ms], [Extract Manifest = 1 ms], 
15:29:31.150 [Worker-32] INFO  o.a.AndroidAnnotationProcessor:123 - Finish processing
16:59:40.829 [Worker-47] INFO  o.a.AndroidAnnotationProcessor:85 - Initialize AndroidAnnotations 3.0.1 with options {phase=BUILD}
16:59:40.849 [Worker-47] INFO  o.a.AndroidAnnotationProcessor:109 - Start processing for 4 annotations on 2 elements
16:59:40.856 [Worker-47] DEBUG o.a.h.AndroidManifestFinder:137 - AndroidManifest.xml file found in parent folder C:\Users\kjw\workspace-adt\kjw\Etc\Estimote_Home: C:\Users\kjw\workspace-adt\kjw\Etc\Estimote_Home\AndroidManifest.xml
16:59:40.857 [Worker-47] INFO  o.a.AndroidAnnotationProcessor:172 - AndroidManifest.xml found: AndroidManifest [applicationPackage=kr.kau.kjw.estimote_home, componentQualifiedNames=[kr.kau.kjw.estimote_home.EstimoteActivity_, com.estimote.sdk.service.BeaconService], permissionQualifiedNames=[android.permission.BLUETOOTH, android.permission.BLUETOOTH_ADMIN], applicationClassName=null, libraryProject=false, debugabble=false, minSdkVersion=18, maxSdkVersion=-1, targetSdkVersion=18]
16:59:40.857 [Worker-47] INFO  o.a.r.ProjectRClassFinder:50 - Found project R class: kr.kau.kjw.estimote_home.R
16:59:40.858 [Worker-47] INFO  o.a.r.AndroidRClassFinder:44 - Found Android class: android.R
16:59:40.862 [Worker-47] INFO  o.a.p.ModelValidator:42 - Validating elements
16:59:40.862 [Worker-47] DEBUG o.a.p.ModelValidator:62 - Validating with EActivityHandler: [kr.kau.kjw.estimote_home.EstimoteActivity]
16:59:40.862 [Worker-47] DEBUG o.a.p.ModelValidator:62 - Validating with ViewByIdHandler: [rangeTv]
16:59:40.863 [Worker-47] DEBUG o.a.p.ModelValidator:62 - Validating with AfterInjectHandler: [void afterInject() ]
16:59:40.863 [Worker-47] DEBUG o.a.p.ModelValidator:62 - Validating with AfterViewsHandler: [void afterViews() ]
16:59:40.864 [Worker-47] INFO  o.a.p.ModelProcessor:73 - Processing root elements
16:59:40.864 [Worker-47] DEBUG o.a.p.ModelProcessor:80 - Processing root elements EActivityHandler: [kr.kau.kjw.estimote_home.EstimoteActivity]
16:59:40.865 [Worker-47] INFO  o.a.p.ModelProcessor:104 - Processing enclosed elements
16:59:40.866 [Worker-47] DEBUG o.a.p.ModelProcessor:116 - Processing enclosed elements with ViewByIdHandler: [org.androidannotations.model.AnnotationElements$AnnotatedAndRootElements@24d7c2a9]
16:59:40.866 [Worker-47] DEBUG o.a.p.ModelProcessor:116 - Processing enclosed elements with AfterInjectHandler: [org.androidannotations.model.AnnotationElements$AnnotatedAndRootElements@183e5d9b]
16:59:40.866 [Worker-47] DEBUG o.a.p.ModelProcessor:116 - Processing enclosed elements with AfterViewsHandler: [org.androidannotations.model.AnnotationElements$AnnotatedAndRootElements@53c2b863]
16:59:40.867 [Worker-47] INFO  o.a.AndroidAnnotationProcessor:251 - Number of files generated by AndroidAnnotations: 1
16:59:40.867 [Worker-47] INFO  o.a.g.ApiCodeGenerator:52 - Writting following API classes in project: []
16:59:40.867 [Worker-47] DEBUG o.a.g.SourceCodewriter:55 - Generating class: kr.kau.kjw.estimote_home.EstimoteActivity_
16:59:40.870 [Worker-47] INFO  o.a.p.TimeStats:81 - Time measurements: [Whole Processing = 21 ms], [Extract Annotations = 6 ms], [Find R Classes = 5 ms], [Process Annotations = 3 ms], [Generate Sources = 3 ms], [Extract Manifest = 2 ms], [Validate Annotations = 2 ms], 
16:59:40.870 [Worker-47] INFO  o.a.AndroidAnnotationProcessor:123 - Finish processing
17:03:40.638 [Worker-41] INFO  o.a.AndroidAnnotationProcessor:85 - Initialize AndroidAnnotations 3.0.1 with options {phase=BUILD}
17:03:40.639 [Worker-41] INFO  o.a.AndroidAnnotationProcessor:109 - Start processing for 4 annotations on 4 elements
17:03:40.646 [Worker-41] DEBUG o.a.h.AndroidManifestFinder:137 - AndroidManifest.xml file found in parent folder C:\Users\kjw\workspace-adt\kjw\Etc\Estimote_Home: C:\Users\kjw\workspace-adt\kjw\Etc\Estimote_Home\AndroidManifest.xml
17:03:40.648 [Worker-41] INFO  o.a.AndroidAnnotationProcessor:172 - AndroidManifest.xml found: AndroidManifest [applicationPackage=kr.kau.kjw.estimote_home, componentQualifiedNames=[kr.kau.kjw.estimote_home.EstimoteActivity_, com.estimote.sdk.service.BeaconService], permissionQualifiedNames=[android.permission.BLUETOOTH, android.permission.BLUETOOTH_ADMIN], applicationClassName=null, libraryProject=false, debugabble=false, minSdkVersion=18, maxSdkVersion=-1, targetSdkVersion=18]
17:03:40.648 [Worker-41] INFO  o.a.r.ProjectRClassFinder:50 - Found project R class: kr.kau.kjw.estimote_home.R
17:03:40.648 [Worker-41] INFO  o.a.r.AndroidRClassFinder:44 - Found Android class: android.R
17:03:40.652 [Worker-41] INFO  o.a.p.ModelValidator:42 - Validating elements
17:03:40.652 [Worker-41] DEBUG o.a.p.ModelValidator:62 - Validating with EActivityHandler: [kr.kau.kjw.estimote_home.EstimoteActivity]
17:03:40.653 [Worker-41] DEBUG o.a.p.ModelValidator:62 - Validating with ViewByIdHandler: [rangeTv]
17:03:40.653 [Worker-41] DEBUG o.a.p.ModelValidator:62 - Validating with AfterInjectHandler: [void afterInject() ]
17:03:40.654 [Worker-41] DEBUG o.a.p.ModelValidator:62 - Validating with AfterViewsHandler: [void afterViews() ]
17:03:40.654 [Worker-41] INFO  o.a.p.ModelProcessor:73 - Processing root elements
17:03:40.655 [Worker-41] DEBUG o.a.p.ModelProcessor:80 - Processing root elements EActivityHandler: [kr.kau.kjw.estimote_home.EstimoteActivity]
17:03:40.656 [Worker-41] INFO  o.a.p.ModelProcessor:104 - Processing enclosed elements
17:03:40.657 [Worker-41] DEBUG o.a.p.ModelProcessor:116 - Processing enclosed elements with ViewByIdHandler: [org.androidannotations.model.AnnotationElements$AnnotatedAndRootElements@675eab36]
17:03:40.657 [Worker-41] DEBUG o.a.p.ModelProcessor:116 - Processing enclosed elements with AfterInjectHandler: [org.androidannotations.model.AnnotationElements$AnnotatedAndRootElements@4e13341a]
17:03:40.658 [Worker-41] DEBUG o.a.p.ModelProcessor:116 - Processing enclosed elements with AfterViewsHandler: [org.androidannotations.model.AnnotationElements$AnnotatedAndRootElements@1c9dbc6d]
17:03:40.658 [Worker-41] INFO  o.a.AndroidAnnotationProcessor:251 - Number of files generated by AndroidAnnotations: 1
17:03:40.658 [Worker-41] INFO  o.a.g.ApiCodeGenerator:52 - Writting following API classes in project: []
17:03:40.658 [Worker-41] DEBUG o.a.g.SourceCodewriter:55 - Generating class: kr.kau.kjw.estimote_home.EstimoteActivity_
17:03:40.660 [Worker-41] INFO  o.a.p.TimeStats:81 - Time measurements: [Whole Processing = 21 ms], [Extract Annotations = 7 ms], [Find R Classes = 4 ms], [Process Annotations = 4 ms], [Extract Manifest = 2 ms], [Validate Annotations = 2 ms], [Generate Sources = 2 ms], 
17:03:40.661 [Worker-41] INFO  o.a.AndroidAnnotationProcessor:123 - Finish processing
17:03:47.677 [Worker-52] INFO  o.a.AndroidAnnotationProcessor:85 - Initialize AndroidAnnotations 3.0.1 with options {phase=BUILD}
17:04:17.336 [Worker-52] INFO  o.a.AndroidAnnotationProcessor:85 - Initialize AndroidAnnotations 3.0.1 with options {phase=BUILD}
17:04:17.339 [Worker-52] INFO  o.a.AndroidAnnotationProcessor:109 - Start processing for 4 annotations on 107 elements
17:04:17.353 [Worker-52] DEBUG o.a.h.AndroidManifestFinder:137 - AndroidManifest.xml file found in parent folder C:\Users\kjw\workspace-adt\kjw\Etc\Estimote_Home: C:\Users\kjw\workspace-adt\kjw\Etc\Estimote_Home\AndroidManifest.xml
17:04:17.354 [Worker-52] INFO  o.a.AndroidAnnotationProcessor:172 - AndroidManifest.xml found: AndroidManifest [applicationPackage=kr.kau.kjw.estimote_home, componentQualifiedNames=[kr.kau.kjw.estimote_home.EstimoteActivity_, com.estimote.sdk.service.BeaconService], permissionQualifiedNames=[android.permission.BLUETOOTH, android.permission.BLUETOOTH_ADMIN], applicationClassName=null, libraryProject=false, debugabble=false, minSdkVersion=18, maxSdkVersion=-1, targetSdkVersion=18]
17:04:17.355 [Worker-52] INFO  o.a.r.ProjectRClassFinder:50 - Found project R class: kr.kau.kjw.estimote_home.R
17:04:17.355 [Worker-52] INFO  o.a.r.AndroidRClassFinder:44 - Found Android class: android.R
17:04:17.361 [Worker-52] INFO  o.a.p.ModelValidator:42 - Validating elements
17:04:17.361 [Worker-52] DEBUG o.a.p.ModelValidator:62 - Validating with EActivityHandler: [kr.kau.kjw.estimote_home.EstimoteActivity]
17:04:17.362 [Worker-52] DEBUG o.a.p.ModelValidator:62 - Validating with ViewByIdHandler: [rangeTv, fortuneTv]
17:04:17.363 [Worker-52] DEBUG o.a.p.ModelValidator:62 - Validating with AfterInjectHandler: [void afterInject() ]
17:04:17.363 [Worker-52] DEBUG o.a.p.ModelValidator:62 - Validating with AfterViewsHandler: [void afterViews() ]
17:04:17.364 [Worker-52] INFO  o.a.p.ModelProcessor:73 - Processing root elements
17:04:17.365 [Worker-52] DEBUG o.a.p.ModelProcessor:80 - Processing root elements EActivityHandler: [kr.kau.kjw.estimote_home.EstimoteActivity]
17:04:17.366 [Worker-52] INFO  o.a.p.ModelProcessor:104 - Processing enclosed elements
17:04:17.367 [Worker-52] DEBUG o.a.p.ModelProcessor:116 - Processing enclosed elements with ViewByIdHandler: [org.androidannotations.model.AnnotationElements$AnnotatedAndRootElements@5bd5c5a4, org.androidannotations.model.AnnotationElements$AnnotatedAndRootElements@527b4999]
17:04:17.367 [Worker-52] DEBUG o.a.p.ModelProcessor:116 - Processing enclosed elements with AfterInjectHandler: [org.androidannotations.model.AnnotationElements$AnnotatedAndRootElements@4c196b80]
17:04:17.368 [Worker-52] DEBUG o.a.p.ModelProcessor:116 - Processing enclosed elements with AfterViewsHandler: [org.androidannotations.model.AnnotationElements$AnnotatedAndRootElements@5dd868a8]
17:04:17.368 [Worker-52] INFO  o.a.AndroidAnnotationProcessor:251 - Number of files generated by AndroidAnnotations: 1
17:04:17.368 [Worker-52] INFO  o.a.g.ApiCodeGenerator:52 - Writting following API classes in project: []
17:04:17.369 [Worker-52] DEBUG o.a.g.SourceCodewriter:55 - Generating class: kr.kau.kjw.estimote_home.EstimoteActivity_
17:04:17.378 [Worker-52] INFO  o.a.p.TimeStats:81 - Time measurements: [Whole Processing = 41 ms], [Extract Annotations = 13 ms], [Generate Sources = 10 ms], [Find R Classes = 5 ms], [Process Annotations = 4 ms], [Validate Annotations = 3 ms], [Extract Manifest = 2 ms], 
17:04:17.379 [Worker-52] INFO  o.a.AndroidAnnotationProcessor:123 - Finish processing
17:04:35.504 [Worker-53] INFO  o.a.AndroidAnnotationProcessor:85 - Initialize AndroidAnnotations 3.0.1 with options {phase=BUILD}
17:04:41.839 [Worker-51] INFO  o.a.AndroidAnnotationProcessor:85 - Initialize AndroidAnnotations 3.0.1 with options {phase=BUILD}
17:05:28.187 [Worker-51] INFO  o.a.AndroidAnnotationProcessor:85 - Initialize AndroidAnnotations 3.0.1 with options {phase=BUILD}
17:05:28.188 [Worker-51] INFO  o.a.AndroidAnnotationProcessor:109 - Start processing for 4 annotations on 107 elements
17:05:28.199 [Worker-51] DEBUG o.a.h.AndroidManifestFinder:137 - AndroidManifest.xml file found in parent folder C:\Users\kjw\workspace-adt\kjw\Etc\Estimote_Home: C:\Users\kjw\workspace-adt\kjw\Etc\Estimote_Home\AndroidManifest.xml
17:05:28.201 [Worker-51] INFO  o.a.AndroidAnnotationProcessor:172 - AndroidManifest.xml found: AndroidManifest [applicationPackage=kr.kau.kjw.estimote_home, componentQualifiedNames=[kr.kau.kjw.estimote_home.EstimoteActivity_, com.estimote.sdk.service.BeaconService], permissionQualifiedNames=[android.permission.BLUETOOTH, android.permission.BLUETOOTH_ADMIN], applicationClassName=null, libraryProject=false, debugabble=false, minSdkVersion=18, maxSdkVersion=-1, targetSdkVersion=18]
17:05:28.202 [Worker-51] INFO  o.a.r.ProjectRClassFinder:50 - Found project R class: kr.kau.kjw.estimote_home.R
17:05:28.203 [Worker-51] INFO  o.a.r.AndroidRClassFinder:44 - Found Android class: android.R
17:05:28.209 [Worker-51] INFO  o.a.p.ModelValidator:42 - Validating elements
17:05:28.210 [Worker-51] DEBUG o.a.p.ModelValidator:62 - Validating with EActivityHandler: [kr.kau.kjw.estimote_home.EstimoteActivity]
17:05:28.211 [Worker-51] DEBUG o.a.p.ModelValidator:62 - Validating with ViewByIdHandler: [rangeTv, fortuneTv]
17:05:28.211 [Worker-51] DEBUG o.a.p.ModelValidator:62 - Validating with AfterInjectHandler: [void afterInject() ]
17:05:28.212 [Worker-51] DEBUG o.a.p.ModelValidator:62 - Validating with AfterViewsHandler: [void afterViews() ]
17:05:28.212 [Worker-51] INFO  o.a.p.ModelProcessor:73 - Processing root elements
17:05:28.212 [Worker-51] DEBUG o.a.p.ModelProcessor:80 - Processing root elements EActivityHandler: [kr.kau.kjw.estimote_home.EstimoteActivity]
17:05:28.214 [Worker-51] INFO  o.a.p.ModelProcessor:104 - Processing enclosed elements
17:05:28.215 [Worker-51] INFO  o.a.AndroidAnnotationProcessor:251 - Number of files generated by AndroidAnnotations: 1
17:05:28.216 [Worker-51] INFO  o.a.g.ApiCodeGenerator:52 - Writting following API classes in project: []
17:05:28.216 [Worker-51] DEBUG o.a.g.SourceCodewriter:55 - Generating class: kr.kau.kjw.estimote_home.EstimoteActivity_
17:05:28.220 [Worker-51] INFO  o.a.p.TimeStats:81 - Time measurements: [Whole Processing = 32 ms], [Extract Annotations = 10 ms], [Find R Classes = 7 ms], [Generate Sources = 5 ms], [Validate Annotations = 3 ms], [Process Annotations = 3 ms], [Extract Manifest = 2 ms], 
17:05:28.220 [Worker-51] INFO  o.a.AndroidAnnotationProcessor:123 - Finish processing
17:05:40.223 [Worker-48] INFO  o.a.AndroidAnnotationProcessor:85 - Initialize AndroidAnnotations 3.0.1 with options {phase=BUILD}
17:05:40.225 [Worker-48] INFO  o.a.AndroidAnnotationProcessor:109 - Start processing for 4 annotations on 107 elements
17:05:40.237 [Worker-48] DEBUG o.a.h.AndroidManifestFinder:137 - AndroidManifest.xml file found in parent folder C:\Users\kjw\workspace-adt\kjw\Etc\Estimote_Home: C:\Users\kjw\workspace-adt\kjw\Etc\Estimote_Home\AndroidManifest.xml
17:05:40.239 [Worker-48] INFO  o.a.AndroidAnnotationProcessor:172 - AndroidManifest.xml found: AndroidManifest [applicationPackage=kr.kau.kjw.estimote_home, componentQualifiedNames=[kr.kau.kjw.estimote_home.EstimoteActivity_, com.estimote.sdk.service.BeaconService], permissionQualifiedNames=[android.permission.BLUETOOTH, android.permission.BLUETOOTH_ADMIN], applicationClassName=null, libraryProject=false, debugabble=false, minSdkVersion=18, maxSdkVersion=-1, targetSdkVersion=18]
17:05:40.239 [Worker-48] INFO  o.a.r.ProjectRClassFinder:50 - Found project R class: kr.kau.kjw.estimote_home.R
17:05:40.240 [Worker-48] INFO  o.a.r.AndroidRClassFinder:44 - Found Android class: android.R
17:05:40.243 [Worker-48] INFO  o.a.p.ModelValidator:42 - Validating elements
17:05:40.244 [Worker-48] DEBUG o.a.p.ModelValidator:62 - Validating with EActivityHandler: [kr.kau.kjw.estimote_home.EstimoteActivity]
17:05:40.244 [Worker-48] DEBUG o.a.p.ModelValidator:62 - Validating with ViewByIdHandler: [rangeTv, fortuneTv]
17:05:40.245 [Worker-48] DEBUG o.a.p.ModelValidator:62 - Validating with AfterInjectHandler: [void afterInject() ]
17:05:40.245 [Worker-48] DEBUG o.a.p.ModelValidator:62 - Validating with AfterViewsHandler: [void afterViews() ]
17:05:40.246 [Worker-48] INFO  o.a.p.ModelProcessor:73 - Processing root elements
17:05:40.246 [Worker-48] DEBUG o.a.p.ModelProcessor:80 - Processing root elements EActivityHandler: [kr.kau.kjw.estimote_home.EstimoteActivity]
17:05:40.248 [Worker-48] INFO  o.a.p.ModelProcessor:104 - Processing enclosed elements
17:05:40.250 [Worker-48] INFO  o.a.AndroidAnnotationProcessor:251 - Number of files generated by AndroidAnnotations: 1
17:05:40.250 [Worker-48] INFO  o.a.g.ApiCodeGenerator:52 - Writting following API classes in project: []
17:05:40.251 [Worker-48] DEBUG o.a.g.SourceCodewriter:55 - Generating class: kr.kau.kjw.estimote_home.EstimoteActivity_
17:05:40.253 [Worker-48] INFO  o.a.p.TimeStats:81 - Time measurements: [Whole Processing = 29 ms], [Extract Annotations = 11 ms], [Find R Classes = 4 ms], [Process Annotations = 4 ms], [Extract Manifest = 3 ms], [Validate Annotations = 3 ms], [Generate Sources = 3 ms], 
17:05:40.254 [Worker-48] INFO  o.a.AndroidAnnotationProcessor:123 - Finish processing
20:00:24.570 [Worker-78] INFO  o.a.AndroidAnnotationProcessor:85 - Initialize AndroidAnnotations 3.0.1 with options {phase=BUILD}
20:00:24.571 [Worker-78] INFO  o.a.AndroidAnnotationProcessor:109 - Start processing for 4 annotations on 1 elements
20:00:24.579 [Worker-78] DEBUG o.a.h.AndroidManifestFinder:137 - AndroidManifest.xml file found in parent folder C:\Users\kjw\workspace-adt\kjw\Etc\Estimote_Home: C:\Users\kjw\workspace-adt\kjw\Etc\Estimote_Home\AndroidManifest.xml
20:00:24.580 [Worker-78] INFO  o.a.AndroidAnnotationProcessor:172 - AndroidManifest.xml found: AndroidManifest [applicationPackage=kr.kau.kjw.estimote_home, componentQualifiedNames=[kr.kau.kjw.estimote_home.EstimoteActivity_, com.estimote.sdk.service.BeaconService], permissionQualifiedNames=[android.permission.BLUETOOTH, android.permission.BLUETOOTH_ADMIN], applicationClassName=null, libraryProject=false, debugabble=false, minSdkVersion=18, maxSdkVersion=-1, targetSdkVersion=18]
20:00:24.581 [Worker-78] INFO  o.a.r.ProjectRClassFinder:50 - Found project R class: kr.kau.kjw.estimote_home.R
20:00:24.582 [Worker-78] INFO  o.a.r.AndroidRClassFinder:44 - Found Android class: android.R
20:00:24.585 [Worker-78] INFO  o.a.p.ModelValidator:42 - Validating elements
20:00:24.586 [Worker-78] DEBUG o.a.p.ModelValidator:62 - Validating with EActivityHandler: [kr.kau.kjw.estimote_home.EstimoteActivity]
20:00:24.586 [Worker-78] DEBUG o.a.p.ModelValidator:62 - Validating with ViewByIdHandler: [rangeTv, fortuneTv]
20:00:24.587 [Worker-78] DEBUG o.a.p.ModelValidator:62 - Validating with AfterInjectHandler: [void afterInject() ]
20:00:24.587 [Worker-78] DEBUG o.a.p.ModelValidator:62 - Validating with AfterViewsHandler: [void afterViews() ]
20:00:24.588 [Worker-78] INFO  o.a.p.ModelProcessor:73 - Processing root elements
20:00:24.588 [Worker-78] DEBUG o.a.p.ModelProcessor:80 - Processing root elements EActivityHandler: [kr.kau.kjw.estimote_home.EstimoteActivity]
20:00:24.590 [Worker-78] INFO  o.a.p.ModelProcessor:104 - Processing enclosed elements
20:00:24.590 [Worker-78] INFO  o.a.AndroidAnnotationProcessor:251 - Number of files generated by AndroidAnnotations: 1
20:00:24.590 [Worker-78] INFO  o.a.g.ApiCodeGenerator:52 - Writting following API classes in project: []
20:00:24.591 [Worker-78] DEBUG o.a.g.SourceCodewriter:55 - Generating class: kr.kau.kjw.estimote_home.EstimoteActivity_
20:00:24.595 [Worker-78] INFO  o.a.p.TimeStats:81 - Time measurements: [Whole Processing = 24 ms], [Extract Annotations = 7 ms], [Generate Sources = 5 ms], [Find R Classes = 4 ms], [Validate Annotations = 3 ms], [Process Annotations = 2 ms], [Extract Manifest = 1 ms], 
20:00:24.595 [Worker-78] INFO  o.a.AndroidAnnotationProcessor:123 - Finish processing
